-------------------------------------------------
The trace creation timestamp is: Fri May 17 14:21:12 24
The executable build timestamp is: Tue Apr 26 12:35:11 22
The datecode is: 2022024
The pro machine type is: x86e_win64
The process ID is: 24376
The traceback type is : CRASH
The logger exit status is: 00003
The Trail is: 0
The release is: 7.0
The product version is: 7.0.8.0
The product title is: Creo Render Studio
-------------------------------------------------
Exception EXCEPTION_ACCESS_VIOLATION has occurred in the thread 20304.

Main Thread 20304
=====================
0x00007FF7018E7331	NULL (NULL:0) (xtop:0x00007FF6FA9C0000) ( 0x0, 0xdc35c368, 0xdbf78500, 0x3e9 ) 
0x00007FF7018C7969	NULL (NULL:0) (xtop:0x00007FF6FA9C0000) ( 0xe3b675d8, 0x0, 0xdf7fa860, 0xe3b9dda0 ) 
0x00007FF7018C7BBB	NULL (NULL:0) (xtop:0x00007FF6FA9C0000) ( 0xe3b675d8, 0x0, 0xdf7fa860, 0xd1c12630 ) 
0x00007FFFDBF78D3A	NULL (NULL:0) (uitools_sh:0x00007FFFDBF00000) ( 0x6c3e7d8, 0x6c3e7d8, 0xdf6795f0, 0xdf679618 ) 
0x00007FFFDBF76719	NULL (NULL:0) (uitools_sh:0x00007FFFDBF00000) ( 0x6c3e7d8, 0xdf7fa860, 0xdf7fa860, 0xfb88c510 ) 
0x00007FFFDBF765DA	NULL (NULL:0) (uitools_sh:0x00007FFFDBF00000) ( 0x6c3e7d8, 0xc23ade00, 0x1, 0x1 ) 
0x00007FF6FB895905	NULL (NULL:0) (xtop:0x00007FF6FA9C0000) ( 0x0, 0xc23ade00, 0x1, 0x0 ) 
0x00007FF6FB87A6B5	NULL (NULL:0) (xtop:0x00007FF6FA9C0000) ( 0xfb884c60, 0x5, 0xd1a715e0, 0x0 ) 
0x00007FF6FB895A17	NULL (NULL:0) (xtop:0x00007FF6FA9C0000) ( 0x0, 0x0, 0x6d9e8, 0x4 ) 
0x00007FF70353935B	NULL (NULL:0) (xtop:0x00007FF6FA9C0000) ( 0x4, 0x0, 0x4, 0x0 ) 
0x00007FF7035352B4	NULL (NULL:0) (xtop:0x00007FF6FA9C0000) ( 0x1, 0xc23af7a0, 0xd1073628, 0x0 ) 
0x00007FF7035353AA	NULL (NULL:0) (xtop:0x00007FF6FA9C0000) ( 0xd1073628, 0x3535320, 0xce894ed8, 0xc23afae0 ) 
0x00007FFFE43AEA1C	NULL (NULL:0) (libui_sh:0x00007FFFE4180000) ( 0xd1073628, 0x3535320, 0xc23afae0, 0x0 ) 
0x00007FFFE43B058F	NULL (NULL:0) (libui_sh:0x00007FFFE4180000) ( 0x3535320, 0x0, 0x0, 0x0 ) 
0x00007FFFE419DD1D	NULL (NULL:0) (libui_sh:0x00007FFFE4180000) ( 0xa, 0x4, 0xd1073628, 0x0 ) 
0x00007FF703532932	NULL (NULL:0) (xtop:0x00007FF6FA9C0000) ( 0x0, 0x0, 0x0, 0x0 ) 
0x00007FF82E3F257D	NULL (NULL:0) (KERNEL32:0x00007FF82E3E0000) ( 0x0, 0x0, 0x0, 0x0 ) 

Thread 5688
=====================
0x00007FF82ED135A4	NULL (NULL:0) (ntdll:0x00007FF82EC70000) ( 0xce88f420, 0xce88f420, 0x1, 0xce88e270 ) 
0x00007FF82ECA537E	NULL (NULL:0) (ntdll:0x00007FF82EC70000) ( 0x0, 0x0, 0x0, 0x0 ) 
0x00007FF82E3F257D	NULL (NULL:0) (KERNEL32:0x00007FF82E3E0000) ( 0x0, 0x0, 0x0, 0x0 ) 

Thread 23964
=====================
0x00007FF82ED135A4	NULL (NULL:0) (ntdll:0x00007FF82EC70000) ( 0xce88f420, 0xce88f420, 0x1, 0xce899f30 ) 
0x00007FF82ECA537E	NULL (NULL:0) (ntdll:0x00007FF82EC70000) ( 0x0, 0x0, 0x0, 0x0 ) 
0x00007FF82E3F257D	NULL (NULL:0) (KERNEL32:0x00007FF82E3E0000) ( 0x0, 0x0, 0x0, 0x0 ) 

Thread 20884
=====================
0x00007FF82ED135A4	NULL (NULL:0) (ntdll:0x00007FF82EC70000) ( 0xce88f420, 0xce88f420, 0x1, 0xce89b720 ) 
0x00007FF82ECA537E	NULL (NULL:0) (ntdll:0x00007FF82EC70000) ( 0x0, 0x0, 0x0, 0x0 ) 
0x00007FF82E3F257D	NULL (NULL:0) (KERNEL32:0x00007FF82E3E0000) ( 0x0, 0x0, 0x0, 0x0 ) 

Thread 15880
=====================
0x00007FF82ED0F9D4	NULL (NULL:0) (ntdll:0x00007FF82EC70000) ( 0x10, 0xe9582cbd, 0xcee50870, 0xcee50870 ) 
0x00007FF82C32427E	NULL (NULL:0) (KERNELBASE:0x00007FF82C2F0000) ( 0xd0bf1778, 0x0, 0x0, 0x6a0 ) 
0x00007FFFE29B889B	NULL (NULL:0) (baselibmt:0x00007FFFE2980000) ( 0x0, 0x1, 0x0, 0x0 ) 
0x00007FFFE2A8B7E8	NULL (NULL:0) (baselibmt:0x00007FFFE2980000) ( 0xd0baec00, 0x0, 0xd0bf1760, 0x7fffffff ) 
0x00007FF82C769333	NULL (NULL:0) (ucrtbase:0x00007FF82C740000) ( 0x0, 0x0, 0x0, 0x0 ) 
0x00007FF82E3F257D	NULL (NULL:0) (KERNEL32:0x00007FF82E3E0000) ( 0x0, 0x0, 0x0, 0x0 ) 

Thread 4112
=====================
0x00007FF82ED135A4	NULL (NULL:0) (ntdll:0x00007FF82EC70000) ( 0x0, 0xd0bd3180, 0x0, 0x0 ) 
0x00007FF82ECA537E	NULL (NULL:0) (ntdll:0x00007FF82EC70000) ( 0x0, 0x0, 0x0, 0x0 ) 
0x00007FF82E3F257D	NULL (NULL:0) (KERNEL32:0x00007FF82E3E0000) ( 0x0, 0x0, 0x0, 0x0 ) 

Thread 10792
=====================
0x00007FF82ED104A4	NULL (NULL:0) (ntdll:0x00007FF82EC70000) ( 0x0, 0x0, 0x0, 0x0 ) 
0x00007FF82C34FDA9	NULL (NULL:0) (KERNELBASE:0x00007FF82C2F0000) ( 0xd0bb0420, 0x0, 0xd0bb0420, 0x0 ) 
0x00007FF82C0A4B77	NULL (NULL:0) (CRYPT32:0x00007FF82C060000) ( 0x0, 0x0, 0x0, 0x0 ) 
0x00007FF82E3F257D	NULL (NULL:0) (KERNEL32:0x00007FF82E3E0000) ( 0x0, 0x0, 0x0, 0x0 ) 

Thread 3148
=====================
0x00007FF82ED135A4	NULL (NULL:0) (ntdll:0x00007FF82EC70000) ( 0xce964db0, 0xce964db0, 0x1, 0xce964db0 ) 
0x00007FF82ECA537E	NULL (NULL:0) (ntdll:0x00007FF82EC70000) ( 0x0, 0x0, 0x0, 0x0 ) 
0x00007FF82E3F257D	NULL (NULL:0) (KERNEL32:0x00007FF82E3E0000) ( 0x0, 0x0, 0x0, 0x0 ) 

Thread 17620
=====================
0x00007FF82ED135A4	NULL (NULL:0) (ntdll:0x00007FF82EC70000) ( 0xce964db0, 0xce964db0, 0x1, 0xce964db0 ) 
0x00007FF82ECA537E	NULL (NULL:0) (ntdll:0x00007FF82EC70000) ( 0x0, 0x0, 0x0, 0x0 ) 
0x00007FF82E3F257D	NULL (NULL:0) (KERNEL32:0x00007FF82E3E0000) ( 0x0, 0x0, 0x0, 0x0 ) 

Thread 1704
=====================
0x00007FF82ED0FFD4	NULL (NULL:0) (ntdll:0x00007FF82EC70000) ( 0x25d6f000, 0x25c50000, 0x136000, 0x2eca151b ) 
0x00007FF82ECC51A3	NULL (NULL:0) (ntdll:0x00007FF82EC70000) ( 0x0, 0x0, 0xc879f760, 0x0 ) 
0x00007FF82C334E1D	NULL (NULL:0) (KERNELBASE:0x00007FF82C2F0000) ( 0x0, 0x0, 0xee1e5d00, 0x98c ) 
0x00007FF825C9A777	NULL (NULL:0) (WINHTTP:0x00007FF825C50000) ( 0x0, 0x1, 0xce89e2f8, 0x1 ) 
0x00007FF825C9A634	NULL (NULL:0) (WINHTTP:0x00007FF825C50000) ( 0xd1763150, 0xc879f998, 0xd1763150, 0x0 ) 
0x00007FF82ECBE2A2	NULL (NULL:0) (ntdll:0x00007FF82EC70000) ( 0xce880c50, 0xd1752da0, 0x0, 0xce880c50 ) 
0x00007FF82ECA57BC	NULL (NULL:0) (ntdll:0x00007FF82EC70000) ( 0x0, 0x0, 0x0, 0x0 ) 
0x00007FF82E3F257D	NULL (NULL:0) (KERNEL32:0x00007FF82E3E0000) ( 0x0, 0x0, 0x0, 0x0 ) 

Thread 3576
=====================
0x00007FF82ED135A4	NULL (NULL:0) (ntdll:0x00007FF82EC70000) ( 0xce880c50, 0xce880c50, 0x1, 0xce880c50 ) 
0x00007FF82ECA537E	NULL (NULL:0) (ntdll:0x00007FF82EC70000) ( 0x0, 0x0, 0x0, 0x0 ) 
0x00007FF82E3F257D	NULL (NULL:0) (KERNEL32:0x00007FF82E3E0000) ( 0x0, 0x0, 0x0, 0x0 ) 

Thread 3580
=====================
0x00007FF82ED0F9D4	NULL (NULL:0) (ntdll:0x00007FF82EC70000) ( 0x0, 0x0, 0x1, 0x0 ) 
0x00007FF82C32427E	NULL (NULL:0) (KERNELBASE:0x00007FF82C2F0000) ( 0xd28cf080, 0xd765654c, 0x0, 0xb70 ) 
0x00007FFFB3372FAA	NULL (NULL:0) (nvoglv64:0x00007FFFB29C0000) ( 0x103, 0xb5217390, 0x186a0, 0xd28cf080 ) 
0x00007FFFB30F870B	NULL (NULL:0) (nvoglv64:0x00007FFFB29C0000) ( 0xd31f0400, 0xd31f0400, 0x0, 0x0 ) 
0x00007FFFB30F812B	NULL (NULL:0) (nvoglv64:0x00007FFFB29C0000) ( 0xd31f0400, 0x0, 0x0, 0x0 ) 
0x00007FFFB3374AD8	NULL (NULL:0) (nvoglv64:0x00007FFFB29C0000) ( 0x0, 0x0, 0x0, 0x0 ) 
0x00007FF82E3F257D	NULL (NULL:0) (KERNEL32:0x00007FF82E3E0000) ( 0x0, 0x0, 0x0, 0x0 ) 

Thread 4028
=====================
0x00007FF82ED104A4	NULL (NULL:0) (ntdll:0x00007FF82EC70000) ( 0x0, 0x1000, 0x0, 0x1 ) 
0x00007FF82C34FDA9	NULL (NULL:0) (KERNELBASE:0x00007FF82C2F0000) ( 0x0, 0x0, 0x36120060, 0x0 ) 
0x00007FF82C34FCAE	NULL (NULL:0) (KERNELBASE:0x00007FF82C2F0000) ( 0x0, 0x0, 0x36120060, 0x0 ) 
0x00007FFFB33A4947	NULL (NULL:0) (nvoglv64:0x00007FFFB29C0000) ( 0x36120060, 0x0, 0x0, 0x0 ) 
0x00007FFFB33A3ECB	NULL (NULL:0) (nvoglv64:0x00007FFFB29C0000) ( 0x0, 0x0, 0x0, 0x0 ) 
0x00007FF82E3F257D	NULL (NULL:0) (KERNEL32:0x00007FF82E3E0000) ( 0x0, 0x0, 0x0, 0x0 ) 

Thread 2548
=====================
0x00007FF82ED11D64	NULL (NULL:0) (ntdll:0x00007FF82EC70000) ( 0x0, 0x0, 0x0, 0x0 ) 
0x00007FF82C31C9AD	NULL (NULL:0) (KERNELBASE:0x00007FF82C2F0000) ( 0x0, 0x0, 0x0, 0x0 ) 
0x00007FFFE435AA2C	NULL (NULL:0) (libui_sh:0x00007FFFE4180000) ( 0x4, 0x0, 0x4, 0xd1c5ca38 ) 
0x00007FF82E3F257D	NULL (NULL:0) (KERNEL32:0x00007FF82E3E0000) ( 0x0, 0x0, 0x0, 0x0 ) 

Thread 22728
=====================
0x00007FF82ED135A4	NULL (NULL:0) (ntdll:0x00007FF82EC70000) ( 0xce880c50, 0xce880c50, 0x1, 0xce880c50 ) 
0x00007FF82ECA537E	NULL (NULL:0) (ntdll:0x00007FF82EC70000) ( 0x0, 0x0, 0x0, 0x0 ) 
0x00007FF82E3F257D	NULL (NULL:0) (KERNEL32:0x00007FF82E3E0000) ( 0x0, 0x0, 0x0, 0x0 ) 

Thread 6956
=====================
0x00007FF82ED104A4	NULL (NULL:0) (ntdll:0x00007FF82EC70000) ( 0x0, 0x0, 0x0, 0x0 ) 
0x00007FF82C34FDA9	NULL (NULL:0) (KERNELBASE:0x00007FF82C2F0000) ( 0x0, 0x86, 0x0, 0x0 ) 
0x00007FF82E7C8BBD	NULL (NULL:0) (combase:0x00007FF82E6F0000) ( 0x0, 0x0, 0x0, 0x0 ) 
0x00007FF82E7C8A2A	NULL (NULL:0) (combase:0x00007FF82E6F0000) ( 0xffffffff, 0xd3456120, 0x0, 0xd3456120 ) 
0x00007FF82E7C881F	NULL (NULL:0) (combase:0x00007FF82E6F0000) ( 0x0, 0x0, 0x0, 0x0 ) 
0x00007FF82E7C8719	NULL (NULL:0) (combase:0x00007FF82E6F0000) ( 0x0, 0x0, 0x0, 0x0 ) 
0x00007FF82E3F257D	NULL (NULL:0) (KERNEL32:0x00007FF82E3E0000) ( 0x0, 0x0, 0x0, 0x0 ) 

Thread 9392
=====================
0x00007FF82ED0F9D4	NULL (NULL:0) (ntdll:0x00007FF82EC70000) ( 0x8, 0xe9582cbd, 0xcee50870, 0xcee50870 ) 
0x00007FF82C32427E	NULL (NULL:0) (KERNELBASE:0x00007FF82C2F0000) ( 0xd348bca8, 0x0, 0x0, 0xd1c ) 
0x00007FFFE29B889B	NULL (NULL:0) (baselibmt:0x00007FFFE2980000) ( 0x0, 0x1, 0x0, 0x0 ) 
0x00007FFFE2A8B7E8	NULL (NULL:0) (baselibmt:0x00007FFFE2980000) ( 0xd3599a00, 0x0, 0xd348bc90, 0x7fffffff ) 
0x00007FF82C769333	NULL (NULL:0) (ucrtbase:0x00007FF82C740000) ( 0x0, 0x0, 0x0, 0x0 ) 
0x00007FF82E3F257D	NULL (NULL:0) (KERNEL32:0x00007FF82E3E0000) ( 0x0, 0x0, 0x0, 0x0 ) 

Thread 13700
=====================
0x00007FF82ED104A4	NULL (NULL:0) (ntdll:0x00007FF82EC70000) ( 0x0, 0x90, 0x0, 0x9 ) 
0x00007FF82C34FDA9	NULL (NULL:0) (KERNELBASE:0x00007FF82C2F0000) ( 0xffffffff, 0xde720e18, 0xdfd90048, 0xce3df7a0 ) 
0x00007FFFE96000E6	NULL (NULL:0) (asyncoremt:0x00007FFFE95F0000) ( 0x5ca3f6b9, 0x5ca3f6b9, 0x0, 0xde720e18 ) 
0x00007FFFE95F8C54	NULL (NULL:0) (asyncoremt:0x00007FFFE95F0000) ( 0x1, 0x0, 0xd0e08458, 0x0 ) 
0x00007FFFE95FFC09	NULL (NULL:0) (asyncoremt:0x00007FFFE95F0000) ( 0x0, 0x0, 0xd0e08eb8, 0x0 ) 
0x00007FFFE9623636	NULL (NULL:0) (asyncoremt:0x00007FFFE95F0000) ( 0xd0e08eb8, 0xd0e06a00, 0xd1007cc8, 0x40 ) 
0x00007FFFE962338A	NULL (NULL:0) (asyncoremt:0x00007FFFE95F0000) ( 0xd0e06a00, 0xcec608f0, 0x0, 0xd0e06a00 ) 
0x00007FFFE962376F	NULL (NULL:0) (asyncoremt:0x00007FFFE95F0000) ( 0xd35992a0, 0x0, 0x0, 0x0 ) 
0x00007FF82C769333	NULL (NULL:0) (ucrtbase:0x00007FF82C740000) ( 0x0, 0x0, 0x0, 0x0 ) 
0x00007FF82E3F257D	NULL (NULL:0) (KERNEL32:0x00007FF82E3E0000) ( 0x0, 0x0, 0x0, 0x0 ) 

Thread 8288
=====================
0x00007FF82C031534	NULL (NULL:0) (win32u:0x00007FF82C030000) ( 0x0, 0x0, 0x0, 0x0 ) 
0x00007FF82DC22A46	NULL (NULL:0) (USER32:0x00007FF82DC00000) ( 0x0, 0x0, 0x0, 0x0 ) 
0x00007FF701917D73	NULL (NULL:0) (xtop:0x00007FF6FA9C0000) ( 0x0, 0x0, 0x0, 0x0 ) 
0x00007FF82E3F257D	NULL (NULL:0) (KERNEL32:0x00007FF82E3E0000) ( 0x0, 0x0, 0x0, 0x0 ) 

Thread 15980
=====================
0x00007FF82ED0F9D4	NULL (NULL:0) (ntdll:0x00007FF82EC70000) ( 0xd10ac010, 0xd19c0370, 0x1, 0x0 ) 
0x00007FF82C32427E	NULL (NULL:0) (KERNELBASE:0x00007FF82C2F0000) ( 0x3, 0x0, 0x0, 0x10c0 ) 
0x00007FFFE29BFEBC	NULL (NULL:0) (baselibmt:0x00007FFFE2980000) ( 0x0, 0x0, 0x0, 0x648 ) 
0x00007FFFE8886691	NULL (NULL:0) (coreutils_sh:0x00007FFFE8870000) ( 0x0, 0x0, 0x0, 0x0 ) 
0x00007FFFE2A8B5B2	NULL (NULL:0) (baselibmt:0x00007FFFE2980000) ( 0xd3599100, 0x0, 0xd348bd90, 0x7fffffff ) 
0x00007FF82C769333	NULL (NULL:0) (ucrtbase:0x00007FF82C740000) ( 0x0, 0x0, 0x0, 0x0 ) 
0x00007FF82E3F257D	NULL (NULL:0) (KERNEL32:0x00007FF82E3E0000) ( 0x0, 0x0, 0x0, 0x0 ) 

Thread 20688
=====================
0x00007FF82C03ACF4	NULL (NULL:0) (win32u:0x00007FF82C030000) ( 0x1, 0x2c35a3cb, 0x0, 0xb29c0000 ) 
0x00007FF82DC25E67	NULL (NULL:0) (USER32:0x00007FF82DC00000) ( 0x0, 0xcfaefd80, 0x0, 0x0 ) 
0x00007FFFB336B49F	NULL (NULL:0) (nvoglv64:0x00007FFFB29C0000) ( 0x0, 0x0, 0x0, 0x0 ) 
0x00007FF82E3F257D	NULL (NULL:0) (KERNEL32:0x00007FF82E3E0000) ( 0x0, 0x0, 0x0, 0x0 ) 
