-------------------------------------------------
The trace creation timestamp is: Tue Jun 11 14:11:02 24
The executable build timestamp is: Mon Apr 17 04:31:47 23
The datecode is: 2023073
The pro machine type is: x86e_win64
The process ID is: 22448
The traceback type is : CRASH
The logger exit status is: 00003
The Trail is: 0
The release is: 10.0
The product version is: 10.0.0.0
The product title is: Creo Parametric
The product buildtag is: 10.0.0.0-rc.50
-------------------------------------------------
Exception EXCEPTION_ACCESS_VIOLATION has occurred in the thread 22432.

Main Thread 22432
=====================
0x00007FF60FD66B3F	NULL (NULL:0) (xtop:0x00007FF6070A0000) ( 0x80e50dd0, 0xfd5f00f, 0x0, 0x693a9bd8 ) 
0x00007FF60805E45D	NULL (NULL:0) (xtop:0x00007FF6070A0000) ( 0xf98d7b08, 0xf98d7b08, 0x5, 0xf052f698 ) 
0x00007FF60A98068C	NULL (NULL:0) (xtop:0x00007FF6070A0000) ( 0x693a9770, 0x80e50dd0, 0x0, 0x14385a90 ) 
0x00007FF60AEF78AA	NULL (NULL:0) (xtop:0x00007FF6070A0000) ( 0x0, 0x693a9d70, 0xffffffff, 0x80e50dd0 ) 
0x00007FF609F55D8A	NULL (NULL:0) (xtop:0x00007FF6070A0000) ( 0x13f, 0x2, 0x1, 0x693ad6f0 ) 
0x00007FF609F55ED3	NULL (NULL:0) (xtop:0x00007FF6070A0000) ( 0x693ad6f0, 0x4, 0x1, 0x693a9d70 ) 
0x00007FF607EA0419	NULL (NULL:0) (xtop:0x00007FF6070A0000) ( 0x103, 0x693abd70, 0x13f, 0x0 ) 
0x00007FF607EA0B11	NULL (NULL:0) (xtop:0x00007FF6070A0000) ( 0x693ad6f0, 0x0, 0x0, 0x0 ) 
0x00007FF607EA08E1	NULL (NULL:0) (xtop:0x00007FF6070A0000) ( 0x0, 0x0, 0x0, 0x0 ) 
0x00007FF609F2AAF5	NULL (NULL:0) (xtop:0x00007FF6070A0000) ( 0x693ae860, 0x0, 0x17c8df70, 0x4 ) 
0x00007FF609F2A47F	NULL (NULL:0) (xtop:0x00007FF6070A0000) ( 0x0, 0x0, 0x0, 0x0 ) 
0x00007FF607E8145D	NULL (NULL:0) (xtop:0x00007FF6070A0000) ( 0x693ae860, 0x0, 0x0, 0xe70c2cc ) 
0x00007FF607E81548	NULL (NULL:0) (xtop:0x00007FF6070A0000) ( 0x0, 0x693add10, 0x693ae860, 0x4 ) 
0x00007FF607E785AE	NULL (NULL:0) (xtop:0x00007FF6070A0000) ( 0x1, 0x0, 0x1, 0x1 ) 
0x00007FF607E77FAF	NULL (NULL:0) (xtop:0x00007FF6070A0000) ( 0xd8dd13c8, 0x1, 0x0, 0x7efa810 ) 
0x00007FF607DFB0EF	NULL (NULL:0) (xtop:0x00007FF6070A0000) ( 0x1, 0x7f0f950, 0x0, 0x0 ) 
0x00007FF607DEFD4A	NULL (NULL:0) (xtop:0x00007FF6070A0000) ( 0xd4ee8270, 0x17bec280, 0xffffffff, 0xffffffff ) 
0x00007FF607ED949C	NULL (NULL:0) (xtop:0x00007FF6070A0000) ( 0xd4ee8270, 0xffffffff, 0x14142f30, 0xd4ea1448 ) 
0x00007FFA140D15D8	NULL (NULL:0) (libui_sh:0x00007FFA13E50000) ( 0x0, 0x20503d, 0x800000, 0x800004 ) 
0x00007FFA13FDBFF5	NULL (NULL:0) (libui_sh:0x00007FFA13E50000) ( 0x0, 0x1, 0x800004, 0x25cb81b0 ) 
0x00007FFA25CBE486	NULL (NULL:0) (libdui_sh:0x00007FFA25CB0000) ( 0x80000001, 0x0, 0x0, 0x693af190 ) 
0x00007FFA25CB81B9	NULL (NULL:0) (libdui_sh:0x00007FFA25CB0000) ( 0x693af190, 0x693af1e0, 0xd4b50410, 0xffffffff ) 
0x00007FF60E7277C2	NULL (NULL:0) (xtop:0x00007FF6070A0000) ( 0x0, 0xd4b50410, 0xd4b50458, 0x0 ) 
0x00007FF60E727EEE	NULL (NULL:0) (xtop:0x00007FF6070A0000) ( 0x0, 0x0, 0x24, 0x0 ) 
0x00007FF60E7336A7	NULL (NULL:0) (xtop:0x00007FF6070A0000) ( 0x1, 0x2, 0x693af480, 0x140556d0 ) 
0x00007FF60E72CCA4	NULL (NULL:0) (xtop:0x00007FF6070A0000) ( 0x13207997, 0x1cf69198, 0x2286d4e8, 0x2edd093d ) 
0x00007FFA1428BD5B	NULL (NULL:0) (coretools_sh:0x00007FFA14240000) ( 0x13a19e71, 0x141bdfc0, 0x4, 0x52a1017b ) 
0x00007FF60E733456	NULL (NULL:0) (xtop:0x00007FF6070A0000) ( 0x141bdfc0, 0x0, 0x0, 0x3d4016e0 ) 
0x00007FF607F0FAE6	NULL (NULL:0) (xtop:0x00007FF6070A0000) ( 0xce497f18, 0x4, 0x0, 0x0 ) 
0x00007FF607E0FF33	NULL (NULL:0) (xtop:0x00007FF6070A0000) ( 0xce497f18, 0x0, 0x141bdfc0, 0x4 ) 
0x00007FF6102F9515	NULL (NULL:0) (xtop:0x00007FF6070A0000) ( 0x1, 0x5aab6a5, 0x42ec18f1, 0x43b3a505 ) 
0x00007FF6102F97C4	NULL (NULL:0) (xtop:0x00007FF6070A0000) ( 0xce497f18, 0x102f9540, 0xcbd76618, 0x693af9b0 ) 
0x00007FFA1407DD4C	NULL (NULL:0) (libui_sh:0x00007FFA13E50000) ( 0xce497f18, 0x102f9540, 0x693af9b0, 0x0 ) 
0x00007FFA1407EDEF	NULL (NULL:0) (libui_sh:0x00007FFA13E50000) ( 0x102f9540, 0x0, 0x0, 0x13a19d70 ) 
0x00007FFA13E6FDAD	NULL (NULL:0) (libui_sh:0x00007FFA13E50000) ( 0xa, 0x4, 0xce497f18, 0x0 ) 
0x00007FF6102F6952	NULL (NULL:0) (xtop:0x00007FF6070A0000) ( 0x0, 0x0, 0x0, 0x0 ) 
0x00007FFA3EAE257D	NULL (NULL:0) (KERNEL32:0x00007FFA3EAD0000) ( 0x0, 0x0, 0x0, 0x0 ) 

Thread 18832
=====================
0x00007FFA3D1EACF4	NULL (NULL:0) (win32u:0x00007FFA3D1E0000) ( 0x0, 0xb600542, 0x0, 0x6b26fa60 ) 
0x00007FFA0A58CBD4	NULL (NULL:0) (asyncoremt:0x00007FFA0A550000) ( 0xcbf6d3f0, 0xcbf6d3f0, 0xce212700, 0xce6d0930 ) 
0x00007FFA0A5865E6	NULL (NULL:0) (asyncoremt:0x00007FFA0A550000) ( 0xcbf6d3f0, 0xce224130, 0xce428698, 0xb5f1b63 ) 
0x00007FFA0A58634A	NULL (NULL:0) (asyncoremt:0x00007FFA0A550000) ( 0xce224130, 0xcbf408f0, 0x0, 0xce224130 ) 
0x00007FFA0A58671F	NULL (NULL:0) (asyncoremt:0x00007FFA0A550000) ( 0xcdee0190, 0x0, 0x0, 0x0 ) 
0x00007FFA3D419333	NULL (NULL:0) (ucrtbase:0x00007FFA3D3F0000) ( 0x0, 0x0, 0x0, 0x0 ) 
0x00007FFA3EAE257D	NULL (NULL:0) (KERNEL32:0x00007FFA3EAD0000) ( 0x0, 0x0, 0x0, 0x0 ) 

Thread 21952
=====================
0x00007FFA3F910AF4	NULL (NULL:0) (ntdll:0x00007FFA3F870000) ( 0xcc0002b4, 0x50, 0xcc000cf0, 0x80 ) 
0x00007FFA3CE86089	NULL (NULL:0) (KERNELBASE:0x00007FFA3CE30000) ( 0xffffffff, 0xcbf6d550, 0xce4cc6c8, 0x6ba1f620 ) 
0x00007FFA0A551C36	NULL (NULL:0) (asyncoremt:0x00007FFA0A550000) ( 0xb82e9c13, 0xb82e9c13, 0x1, 0xcbf6d550 ) 
0x00007FFA0A55A874	NULL (NULL:0) (asyncoremt:0x00007FFA0A550000) ( 0x1, 0xcbf6d500, 0x2, 0x0 ) 
0x00007FFA0A58CCCE	NULL (NULL:0) (asyncoremt:0x00007FFA0A550000) ( 0xce428698, 0xb5f2d62, 0xce6d0090, 0xce6d0090 ) 
0x00007FFA0A5865E6	NULL (NULL:0) (asyncoremt:0x00007FFA0A550000) ( 0xcbf6d500, 0xcbf6e4f0, 0xce428698, 0xb5f1b63 ) 
0x00007FFA0A58634A	NULL (NULL:0) (asyncoremt:0x00007FFA0A550000) ( 0xcbf6e4f0, 0xcbf408f0, 0x0, 0xcbf6e4f0 ) 
0x00007FFA0A58671F	NULL (NULL:0) (asyncoremt:0x00007FFA0A550000) ( 0xcdee0220, 0x0, 0x0, 0x0 ) 
0x00007FFA3D419333	NULL (NULL:0) (ucrtbase:0x00007FFA3D3F0000) ( 0x0, 0x0, 0x0, 0x0 ) 
0x00007FFA3EAE257D	NULL (NULL:0) (KERNEL32:0x00007FFA3EAD0000) ( 0x0, 0x0, 0x0, 0x0 ) 

Thread 21804
=====================
0x00007FFA3F910AF4	NULL (NULL:0) (ntdll:0x00007FFA3F870000) ( 0xcc0002b4, 0x42, 0x1, 0x3f870000 ) 
0x00007FFA3CE86089	NULL (NULL:0) (KERNELBASE:0x00007FFA3CE30000) ( 0x1, 0xcbf6e328, 0xce4ce948, 0x6c1cfb30 ) 
0x00007FFA0A551C36	NULL (NULL:0) (asyncoremt:0x00007FFA0A550000) ( 0xb7e13d45, 0xb7e13d45, 0x1, 0xcbf6e328 ) 
0x00007FFA0A55A874	NULL (NULL:0) (asyncoremt:0x00007FFA0A550000) ( 0x1, 0xcbf6e2d0, 0xcbf6ec01, 0xb9126610 ) 
0x00007FFA0A58CD3E	NULL (NULL:0) (asyncoremt:0x00007FFA0A550000) ( 0xcbf6e2d0, 0xb5fe481, 0x3, 0xcbf6ea40 ) 
0x00007FFA0A586F7D	NULL (NULL:0) (asyncoremt:0x00007FFA0A550000) ( 0xcbf6e2d0, 0xcbf6e2d0, 0xce212250, 0xcc120870 ) 
0x00007FFA0A5865E6	NULL (NULL:0) (asyncoremt:0x00007FFA0A550000) ( 0xcbf6e2d0, 0xcbf6ea40, 0xce428698, 0xb5f1b63 ) 
0x00007FFA0A58634A	NULL (NULL:0) (asyncoremt:0x00007FFA0A550000) ( 0xcbf6ea40, 0xcbf408f0, 0x0, 0xcbf6ea40 ) 
0x00007FFA0A58671F	NULL (NULL:0) (asyncoremt:0x00007FFA0A550000) ( 0xcbdb0330, 0x0, 0x0, 0x0 ) 
0x00007FFA3D419333	NULL (NULL:0) (ucrtbase:0x00007FFA3D3F0000) ( 0x0, 0x0, 0x0, 0x0 ) 
0x00007FFA3EAE257D	NULL (NULL:0) (KERNEL32:0x00007FFA3EAD0000) ( 0x0, 0x0, 0x0, 0x0 ) 

Thread 5300
=====================
0x00007FFA3F913BF4	NULL (NULL:0) (ntdll:0x00007FFA3F870000) ( 0x0, 0xcbd6e270, 0x0, 0x0 ) 
0x00007FFA3F8A585E	NULL (NULL:0) (ntdll:0x00007FFA3F870000) ( 0x0, 0x0, 0x0, 0x0 ) 
0x00007FFA3EAE257D	NULL (NULL:0) (KERNEL32:0x00007FFA3EAD0000) ( 0x0, 0x0, 0x0, 0x0 ) 

Thread 9088
=====================
0x00007FFA3F913BF4	NULL (NULL:0) (ntdll:0x00007FFA3F870000) ( 0xcbd63890, 0xcbd63890, 0x1, 0xcbd63890 ) 
0x00007FFA3F8A585E	NULL (NULL:0) (ntdll:0x00007FFA3F870000) ( 0x0, 0x0, 0x0, 0x0 ) 
0x00007FFA3EAE257D	NULL (NULL:0) (KERNEL32:0x00007FFA3EAD0000) ( 0x0, 0x0, 0x0, 0x0 ) 

Thread 18736
=====================
0x00007FFA3F910624	NULL (NULL:0) (ntdll:0x00007FFA3F870000) ( 0x1, 0xe6f4b5d, 0xce226f40, 0xce5f03f0 ) 
0x00007FFA3F8C5683	NULL (NULL:0) (ntdll:0x00007FFA3F870000) ( 0x0, 0xe6f862e, 0x6efef810, 0xa462229 ) 
0x00007FFA3CE79ACD	NULL (NULL:0) (KERNELBASE:0x00007FFA3CE30000) ( 0x0, 0x0, 0xff676980, 0x0 ) 
0x00007FF608244E5F	NULL (NULL:0) (xtop:0x00007FF6070A0000) ( 0xce226f40, 0xce2140f0, 0xce428698, 0x0 ) 
0x00007FFA0A5865E6	NULL (NULL:0) (asyncoremt:0x00007FFA0A550000) ( 0xce226f40, 0xce22a220, 0xce428698, 0x40 ) 
0x00007FFA0A58634A	NULL (NULL:0) (asyncoremt:0x00007FFA0A550000) ( 0xce22a220, 0xcbf408f0, 0x0, 0xce22a220 ) 
0x00007FFA0A58671F	NULL (NULL:0) (asyncoremt:0x00007FFA0A550000) ( 0xcbdaefd0, 0x0, 0x0, 0x0 ) 
0x00007FFA3D419333	NULL (NULL:0) (ucrtbase:0x00007FFA3D3F0000) ( 0x0, 0x0, 0x0, 0x0 ) 
0x00007FFA3EAE257D	NULL (NULL:0) (KERNEL32:0x00007FFA3EAD0000) ( 0x0, 0x0, 0x0, 0x0 ) 

Thread 22524
=====================
0x00007FFA3F910AF4	NULL (NULL:0) (ntdll:0x00007FFA3F870000) ( 0x27f, 0x0, 0x0, 0x1f80 ) 
0x00007FFA3CE86089	NULL (NULL:0) (KERNELBASE:0x00007FFA3CE30000) ( 0x0, 0x0, 0x0, 0x0 ) 
0x00007FFA3CE85F8E	NULL (NULL:0) (KERNELBASE:0x00007FFA3CE30000) ( 0x0, 0x0, 0x0, 0x0 ) 
0x00007FF60E792BD8	NULL (NULL:0) (xtop:0x00007FF6070A0000) ( 0x0, 0x0, 0x0, 0x0 ) 
0x00007FFA3EAE257D	NULL (NULL:0) (KERNEL32:0x00007FFA3EAD0000) ( 0x0, 0x0, 0x0, 0x0 ) 

Thread 6304
=====================
0x00007FFA3F910024	NULL (NULL:0) (ntdll:0x00007FFA3F870000) ( 0x0, 0xe3dd0854, 0x1, 0x0 ) 
0x00007FFA3CE6952E	NULL (NULL:0) (KERNELBASE:0x00007FFA3CE30000) ( 0xd00d6080, 0x0, 0x0, 0xab8 ) 
0x00007FF9E4162FAA	NULL (NULL:0) (nvoglv64:0x00007FF9E37B0000) ( 0x103, 0xe6007390, 0xd09f6f48, 0xd00d6080 ) 
0x00007FF9E3EE870B	NULL (NULL:0) (nvoglv64:0x00007FF9E37B0000) ( 0xd09f7400, 0xd09f7400, 0x0, 0x0 ) 
0x00007FF9E3EE812B	NULL (NULL:0) (nvoglv64:0x00007FF9E37B0000) ( 0xd09f7400, 0x0, 0x0, 0x0 ) 
0x00007FF9E4164AD8	NULL (NULL:0) (nvoglv64:0x00007FF9E37B0000) ( 0x0, 0x0, 0x0, 0x0 ) 
0x00007FFA3EAE257D	NULL (NULL:0) (KERNEL32:0x00007FFA3EAD0000) ( 0x0, 0x0, 0x0, 0x0 ) 

Thread 13432
=====================
0x00007FFA3F910AF4	NULL (NULL:0) (ntdll:0x00007FFA3F870000) ( 0x0, 0x1000, 0x0, 0x1 ) 
0x00007FFA3CE86089	NULL (NULL:0) (KERNELBASE:0x00007FFA3CE30000) ( 0x0, 0x0, 0x96120060, 0x0 ) 
0x00007FFA3CE85F8E	NULL (NULL:0) (KERNELBASE:0x00007FFA3CE30000) ( 0x0, 0x0, 0x96120060, 0x0 ) 
0x00007FF9E4194947	NULL (NULL:0) (nvoglv64:0x00007FF9E37B0000) ( 0x96120060, 0x0, 0x0, 0x0 ) 
0x00007FF9E4193ECB	NULL (NULL:0) (nvoglv64:0x00007FF9E37B0000) ( 0x0, 0x0, 0x0, 0x0 ) 
0x00007FFA3EAE257D	NULL (NULL:0) (KERNEL32:0x00007FFA3EAD0000) ( 0x0, 0x0, 0x0, 0x0 ) 

Thread 20656
=====================
0x00007FFA3F9123B4	NULL (NULL:0) (ntdll:0x00007FFA3F870000) ( 0x0, 0x0, 0x0, 0x0 ) 
0x00007FFA3CE61D70	NULL (NULL:0) (KERNELBASE:0x00007FFA3CE30000) ( 0x0, 0x0, 0x0, 0x0 ) 
0x00007FFA1402C9DC	NULL (NULL:0) (libui_sh:0x00007FFA13E50000) ( 0x4, 0x0, 0x4, 0xcef3e7d8 ) 
0x00007FFA3EAE257D	NULL (NULL:0) (KERNEL32:0x00007FFA3EAD0000) ( 0x0, 0x0, 0x0, 0x0 ) 

Thread 2904
=====================
0x00007FFA3F913BF4	NULL (NULL:0) (ntdll:0x00007FFA3F870000) ( 0xcbd50c50, 0xcbd50c50, 0x1, 0xcbd50c50 ) 
0x00007FFA3F8A585E	NULL (NULL:0) (ntdll:0x00007FFA3F870000) ( 0x0, 0x0, 0x0, 0x0 ) 
0x00007FFA3EAE257D	NULL (NULL:0) (KERNEL32:0x00007FFA3EAD0000) ( 0x0, 0x0, 0x0, 0x0 ) 

Thread 15264
=====================
0x00007FFA3F910AF4	NULL (NULL:0) (ntdll:0x00007FFA3F870000) ( 0xd0024f10, 0x65676173, 0x736e6c6d, 0x68223d62 ) 
0x00007FFA3CE86089	NULL (NULL:0) (KERNELBASE:0x00007FFA3CE30000) ( 0xffffffff, 0xd5250e18, 0xd56c0048, 0x725bfaf0 ) 
0x00007FFA0A551C36	NULL (NULL:0) (asyncoremt:0x00007FFA0A550000) ( 0x59345ea2, 0x59345ea2, 0x0, 0xd5250e18 ) 
0x00007FFA0A55A874	NULL (NULL:0) (asyncoremt:0x00007FFA0A550000) ( 0x1, 0x1, 0xce233a08, 0x0 ) 
0x00007FFA0A561DD9	NULL (NULL:0) (asyncoremt:0x00007FFA0A550000) ( 0x0, 0x0, 0xce2387d8, 0x0 ) 
0x00007FFA0A5865E6	NULL (NULL:0) (asyncoremt:0x00007FFA0A550000) ( 0xce2387d8, 0xce22c6a0, 0xce428698, 0x40 ) 
0x00007FFA0A58634A	NULL (NULL:0) (asyncoremt:0x00007FFA0A550000) ( 0xce22c6a0, 0xcbf408f0, 0x0, 0xce22c6a0 ) 
0x00007FFA0A58671F	NULL (NULL:0) (asyncoremt:0x00007FFA0A550000) ( 0xcdf78ba0, 0x0, 0x0, 0x0 ) 
0x00007FFA3D419333	NULL (NULL:0) (ucrtbase:0x00007FFA3D3F0000) ( 0x0, 0x0, 0x0, 0x0 ) 
0x00007FFA3EAE257D	NULL (NULL:0) (KERNEL32:0x00007FFA3EAD0000) ( 0x0, 0x0, 0x0, 0x0 ) 

Thread 10896
=====================
0x00007FFA3F910024	NULL (NULL:0) (ntdll:0x00007FFA3F870000) ( 0xce219f90, 0xcbf40000, 0x1, 0x0 ) 
0x00007FFA3CE6952E	NULL (NULL:0) (KERNELBASE:0x00007FFA3CE30000) ( 0xce428698, 0xce226920, 0x0, 0xc68 ) 
0x00007FFA0A62ACF7	NULL (NULL:0) (baselibmt:0x00007FFA0A5F0000) ( 0xce428698, 0xce27a801, 0x8, 0x40 ) 
0x00007FFA0A586445	NULL (NULL:0) (asyncoremt:0x00007FFA0A550000) ( 0xce235980, 0xcbf408f0, 0x0, 0xce235980 ) 
0x00007FFA0A58671F	NULL (NULL:0) (asyncoremt:0x00007FFA0A550000) ( 0xd5cde980, 0x0, 0x0, 0x0 ) 
0x00007FFA3D419333	NULL (NULL:0) (ucrtbase:0x00007FFA3D3F0000) ( 0x0, 0x0, 0x0, 0x0 ) 
0x00007FFA3EAE257D	NULL (NULL:0) (KERNEL32:0x00007FFA3EAD0000) ( 0x0, 0x0, 0x0, 0x0 ) 

Thread 21592
=====================
0x00007FFA3F910024	NULL (NULL:0) (ntdll:0x00007FFA3F870000) ( 0x10, 0xb5f4d0c, 0x10, 0xcbee0870 ) 
0x00007FFA3CE6952E	NULL (NULL:0) (KERNELBASE:0x00007FFA3CE30000) ( 0xd005c2c8, 0x0, 0x0, 0xc5c ) 
0x00007FFA0A62ACCB	NULL (NULL:0) (baselibmt:0x00007FFA0A5F0000) ( 0xa7a5b20, 0x1, 0x8, 0x40 ) 
0x00007FFA0A6DF2A5	NULL (NULL:0) (baselibmt:0x00007FFA0A5F0000) ( 0xceba1100, 0x0, 0xd005c2b0, 0x7fffffff ) 
0x00007FFA3D419333	NULL (NULL:0) (ucrtbase:0x00007FFA3D3F0000) ( 0x0, 0x0, 0x0, 0x0 ) 
0x00007FFA3EAE257D	NULL (NULL:0) (KERNEL32:0x00007FFA3EAD0000) ( 0x0, 0x0, 0x0, 0x0 ) 

Thread 21624
=====================
0x00007FFA3F910024	NULL (NULL:0) (ntdll:0x00007FFA3F870000) ( 0xce2762f0, 0x3f8aaff1, 0xce2762e0, 0xcbf40000 ) 
0x00007FFA3CE6952E	NULL (NULL:0) (KERNELBASE:0x00007FFA3CE30000) ( 0xce428698, 0xce237f50, 0x0, 0xca0 ) 
0x00007FFA0A62ACF7	NULL (NULL:0) (baselibmt:0x00007FFA0A5F0000) ( 0xce428698, 0xce27a101, 0x8, 0x40 ) 
0x00007FFA0A586445	NULL (NULL:0) (asyncoremt:0x00007FFA0A550000) ( 0xce237fd0, 0xcbf408f0, 0x0, 0xce237fd0 ) 
0x00007FFA0A58671F	NULL (NULL:0) (asyncoremt:0x00007FFA0A550000) ( 0xd5cde830, 0x0, 0x0, 0x0 ) 
0x00007FFA3D419333	NULL (NULL:0) (ucrtbase:0x00007FFA3D3F0000) ( 0x0, 0x0, 0x0, 0x0 ) 
0x00007FFA3EAE257D	NULL (NULL:0) (KERNEL32:0x00007FFA3EAD0000) ( 0x0, 0x0, 0x0, 0x0 ) 

Thread 21696
=====================
0x00007FFA3F910024	NULL (NULL:0) (ntdll:0x00007FFA3F870000) ( 0xce2762f0, 0x3f8aaff1, 0xce2762e0, 0xcbf40000 ) 
0x00007FFA3CE6952E	NULL (NULL:0) (KERNELBASE:0x00007FFA3CE30000) ( 0xce428698, 0xce237f90, 0x0, 0xce8 ) 
0x00007FFA0A62ACF7	NULL (NULL:0) (baselibmt:0x00007FFA0A5F0000) ( 0xce428698, 0xce279a01, 0x8, 0x40 ) 
0x00007FFA0A586445	NULL (NULL:0) (asyncoremt:0x00007FFA0A550000) ( 0xce238540, 0xcbf408f0, 0x0, 0xce238540 ) 
0x00007FFA0A58671F	NULL (NULL:0) (asyncoremt:0x00007FFA0A550000) ( 0xd5cde890, 0x0, 0x0, 0x0 ) 
0x00007FFA3D419333	NULL (NULL:0) (ucrtbase:0x00007FFA3D3F0000) ( 0x0, 0x0, 0x0, 0x0 ) 
0x00007FFA3EAE257D	NULL (NULL:0) (KERNEL32:0x00007FFA3EAD0000) ( 0x0, 0x0, 0x0, 0x0 ) 

Thread 3348
=====================
0x00007FFA3D1E1534	NULL (NULL:0) (win32u:0x00007FFA3D1E0000) ( 0x0, 0x0, 0x0, 0x0 ) 
0x00007FFA3E192A46	NULL (NULL:0) (USER32:0x00007FFA3E170000) ( 0x0, 0x0, 0x0, 0x0 ) 
0x00007FF60E797BE3	NULL (NULL:0) (xtop:0x00007FF6070A0000) ( 0x0, 0x0, 0x0, 0x0 ) 
0x00007FFA3EAE257D	NULL (NULL:0) (KERNEL32:0x00007FFA3EAD0000) ( 0x0, 0x0, 0x0, 0x0 ) 

Thread 4724
=====================
0x00007FFA3D1EACF4	NULL (NULL:0) (win32u:0x00007FFA3D1E0000) ( 0x1, 0x3ce944bb, 0x0, 0xe37b0000 ) 
0x00007FFA3E195E67	NULL (NULL:0) (USER32:0x00007FFA3E170000) ( 0x0, 0x7633f900, 0x0, 0x0 ) 
0x00007FF9E415B49F	NULL (NULL:0) (nvoglv64:0x00007FF9E37B0000) ( 0x0, 0x0, 0x0, 0x0 ) 
0x00007FFA3EAE257D	NULL (NULL:0) (KERNEL32:0x00007FFA3EAD0000) ( 0x0, 0x0, 0x0, 0x0 ) 

Thread 10560
=====================
0x00007FFA3F910024	NULL (NULL:0) (ntdll:0x00007FFA3F870000) ( 0x3bc84570, 0x3f913fe4, 0x1, 0x0 ) 
0x00007FFA3CE6952E	NULL (NULL:0) (KERNELBASE:0x00007FFA3CE30000) ( 0xd5f81308, 0x76aefb30, 0x0, 0xd8c ) 
0x00007FFA00B076B3	NULL (NULL:0) (nvwgf2umx:0x00007FFA00230000) ( 0x0, 0xd615ce30, 0x0, 0x0 ) 
0x00007FFA010F687E	NULL (NULL:0) (nvwgf2umx:0x00007FFA00230000) ( 0x0, 0x0, 0x0, 0x0 ) 
0x00007FFA3EAE257D	NULL (NULL:0) (KERNEL32:0x00007FFA3EAD0000) ( 0x0, 0x0, 0x0, 0x0 ) 

Thread 16148
=====================
0x00007FFA3F910024	NULL (NULL:0) (ntdll:0x00007FFA3F870000) ( 0x0, 0x0, 0x0, 0x0 ) 
0x00007FFA3CE6952E	NULL (NULL:0) (KERNELBASE:0x00007FFA3CE30000) ( 0x0, 0x0, 0x0, 0xe58 ) 
0x00007FFA00B4E3E7	NULL (NULL:0) (nvwgf2umx:0x00007FFA00230000) ( 0x0, 0xd61d7310, 0x0, 0x0 ) 
0x00007FFA00B4E30F	NULL (NULL:0) (nvwgf2umx:0x00007FFA00230000) ( 0xd61d7310, 0x0, 0x0, 0x0 ) 
0x00007FFA010F687E	NULL (NULL:0) (nvwgf2umx:0x00007FFA00230000) ( 0x0, 0x0, 0x0, 0x0 ) 
0x00007FFA3EAE257D	NULL (NULL:0) (KERNEL32:0x00007FFA3EAD0000) ( 0x0, 0x0, 0x0, 0x0 ) 

Thread 10780
=====================
0x00007FFA3F910024	NULL (NULL:0) (ntdll:0x00007FFA3F870000) ( 0x0, 0x0, 0x0, 0x0 ) 
0x00007FFA3CE6952E	NULL (NULL:0) (KERNELBASE:0x00007FFA3CE30000) ( 0x0, 0x0, 0x0, 0xe58 ) 
0x00007FFA00B4E3E7	NULL (NULL:0) (nvwgf2umx:0x00007FFA00230000) ( 0x0, 0xd61d7580, 0x0, 0x0 ) 
0x00007FFA00B4E30F	NULL (NULL:0) (nvwgf2umx:0x00007FFA00230000) ( 0xd61d7580, 0x0, 0x0, 0x0 ) 
0x00007FFA010F687E	NULL (NULL:0) (nvwgf2umx:0x00007FFA00230000) ( 0x0, 0x0, 0x0, 0x0 ) 
0x00007FFA3EAE257D	NULL (NULL:0) (KERNEL32:0x00007FFA3EAD0000) ( 0x0, 0x0, 0x0, 0x0 ) 

Thread 16132
=====================
0x00007FFA3F910024	NULL (NULL:0) (ntdll:0x00007FFA3F870000) ( 0x0, 0x0, 0x0, 0x0 ) 
0x00007FFA3CE6952E	NULL (NULL:0) (KERNELBASE:0x00007FFA3CE30000) ( 0x0, 0x0, 0x0, 0xe58 ) 
0x00007FFA00B4E3E7	NULL (NULL:0) (nvwgf2umx:0x00007FFA00230000) ( 0x0, 0xd5fd1be0, 0x0, 0x0 ) 
0x00007FFA00B4E30F	NULL (NULL:0) (nvwgf2umx:0x00007FFA00230000) ( 0xd5fd1be0, 0x0, 0x0, 0x0 ) 
0x00007FFA010F687E	NULL (NULL:0) (nvwgf2umx:0x00007FFA00230000) ( 0x0, 0x0, 0x0, 0x0 ) 
0x00007FFA3EAE257D	NULL (NULL:0) (KERNEL32:0x00007FFA3EAD0000) ( 0x0, 0x0, 0x0, 0x0 ) 

Thread 21792
=====================
0x00007FFA3F910024	NULL (NULL:0) (ntdll:0x00007FFA3F870000) ( 0x0, 0x0, 0x0, 0x0 ) 
0x00007FFA3CE6952E	NULL (NULL:0) (KERNELBASE:0x00007FFA3CE30000) ( 0x0, 0x0, 0x0, 0xe58 ) 
0x00007FFA00B4E3E7	NULL (NULL:0) (nvwgf2umx:0x00007FFA00230000) ( 0x0, 0xd6289e20, 0x0, 0x0 ) 
0x00007FFA00B4E30F	NULL (NULL:0) (nvwgf2umx:0x00007FFA00230000) ( 0xd6289e20, 0x0, 0x0, 0x0 ) 
0x00007FFA010F687E	NULL (NULL:0) (nvwgf2umx:0x00007FFA00230000) ( 0x0, 0x0, 0x0, 0x0 ) 
0x00007FFA3EAE257D	NULL (NULL:0) (KERNEL32:0x00007FFA3EAD0000) ( 0x0, 0x0, 0x0, 0x0 ) 

Thread 2772
=====================
0x00007FFA3F910024	NULL (NULL:0) (ntdll:0x00007FFA3F870000) ( 0x0, 0x0, 0x0, 0x0 ) 
0x00007FFA3CE6952E	NULL (NULL:0) (KERNELBASE:0x00007FFA3CE30000) ( 0x0, 0x0, 0x0, 0xe58 ) 
0x00007FFA00B4E3E7	NULL (NULL:0) (nvwgf2umx:0x00007FFA00230000) ( 0x0, 0xd6289d30, 0x0, 0x0 ) 
0x00007FFA00B4E30F	NULL (NULL:0) (nvwgf2umx:0x00007FFA00230000) ( 0xd6289d30, 0x0, 0x0, 0x0 ) 
0x00007FFA010F687E	NULL (NULL:0) (nvwgf2umx:0x00007FFA00230000) ( 0x0, 0x0, 0x0, 0x0 ) 
0x00007FFA3EAE257D	NULL (NULL:0) (KERNEL32:0x00007FFA3EAD0000) ( 0x0, 0x0, 0x0, 0x0 ) 

Thread 14716
=====================
0x00007FFA3F910024	NULL (NULL:0) (ntdll:0x00007FFA3F870000) ( 0x0, 0x0, 0x0, 0x0 ) 
0x00007FFA3CE6952E	NULL (NULL:0) (KERNELBASE:0x00007FFA3CE30000) ( 0x0, 0x0, 0x0, 0xe58 ) 
0x00007FFA00B4E3E7	NULL (NULL:0) (nvwgf2umx:0x00007FFA00230000) ( 0x0, 0xd6289e50, 0x0, 0x0 ) 
0x00007FFA00B4E30F	NULL (NULL:0) (nvwgf2umx:0x00007FFA00230000) ( 0xd6289e50, 0x0, 0x0, 0x0 ) 
0x00007FFA010F687E	NULL (NULL:0) (nvwgf2umx:0x00007FFA00230000) ( 0x0, 0x0, 0x0, 0x0 ) 
0x00007FFA3EAE257D	NULL (NULL:0) (KERNEL32:0x00007FFA3EAD0000) ( 0x0, 0x0, 0x0, 0x0 ) 

Thread 856
=====================
0x00007FFA3F910024	NULL (NULL:0) (ntdll:0x00007FFA3F870000) ( 0x0, 0x0, 0x0, 0x0 ) 
0x00007FFA3CE6952E	NULL (NULL:0) (KERNELBASE:0x00007FFA3CE30000) ( 0x0, 0x0, 0x0, 0xe58 ) 
0x00007FFA00B4E3E7	NULL (NULL:0) (nvwgf2umx:0x00007FFA00230000) ( 0x0, 0xd6289520, 0x0, 0x0 ) 
0x00007FFA00B4E30F	NULL (NULL:0) (nvwgf2umx:0x00007FFA00230000) ( 0xd6289520, 0x0, 0x0, 0x0 ) 
0x00007FFA010F687E	NULL (NULL:0) (nvwgf2umx:0x00007FFA00230000) ( 0x0, 0x0, 0x0, 0x0 ) 
0x00007FFA3EAE257D	NULL (NULL:0) (KERNEL32:0x00007FFA3EAD0000) ( 0x0, 0x0, 0x0, 0x0 ) 

Thread 3792
=====================
0x00007FFA3F910024	NULL (NULL:0) (ntdll:0x00007FFA3F870000) ( 0x0, 0x0, 0x0, 0x0 ) 
0x00007FFA3CE6952E	NULL (NULL:0) (KERNELBASE:0x00007FFA3CE30000) ( 0x0, 0x0, 0x0, 0xe58 ) 
0x00007FFA00B4E3E7	NULL (NULL:0) (nvwgf2umx:0x00007FFA00230000) ( 0x0, 0xd62898e0, 0x0, 0x0 ) 
0x00007FFA00B4E30F	NULL (NULL:0) (nvwgf2umx:0x00007FFA00230000) ( 0xd62898e0, 0x0, 0x0, 0x0 ) 
0x00007FFA010F687E	NULL (NULL:0) (nvwgf2umx:0x00007FFA00230000) ( 0x0, 0x0, 0x0, 0x0 ) 
0x00007FFA3EAE257D	NULL (NULL:0) (KERNEL32:0x00007FFA3EAD0000) ( 0x0, 0x0, 0x0, 0x0 ) 

Thread 20360
=====================
0x00007FFA3F910024	NULL (NULL:0) (ntdll:0x00007FFA3F870000) ( 0x0, 0x0, 0x0, 0x0 ) 
0x00007FFA3CE6952E	NULL (NULL:0) (KERNELBASE:0x00007FFA3CE30000) ( 0x0, 0x0, 0x0, 0xe58 ) 
0x00007FFA00B4E3E7	NULL (NULL:0) (nvwgf2umx:0x00007FFA00230000) ( 0x0, 0xd6289f40, 0x0, 0x0 ) 
0x00007FFA00B4E30F	NULL (NULL:0) (nvwgf2umx:0x00007FFA00230000) ( 0xd6289f40, 0x0, 0x0, 0x0 ) 
0x00007FFA010F687E	NULL (NULL:0) (nvwgf2umx:0x00007FFA00230000) ( 0x0, 0x0, 0x0, 0x0 ) 
0x00007FFA3EAE257D	NULL (NULL:0) (KERNEL32:0x00007FFA3EAD0000) ( 0x0, 0x0, 0x0, 0x0 ) 

Thread 15220
=====================
0x00007FFA3F910024	NULL (NULL:0) (ntdll:0x00007FFA3F870000) ( 0x0, 0x0, 0x0, 0x0 ) 
0x00007FFA3CE6952E	NULL (NULL:0) (KERNELBASE:0x00007FFA3CE30000) ( 0x0, 0x0, 0x0, 0xe58 ) 
0x00007FFA00B4E3E7	NULL (NULL:0) (nvwgf2umx:0x00007FFA00230000) ( 0x0, 0xd6289c70, 0x0, 0x0 ) 
0x00007FFA00B4E30F	NULL (NULL:0) (nvwgf2umx:0x00007FFA00230000) ( 0xd6289c70, 0x0, 0x0, 0x0 ) 
0x00007FFA010F687E	NULL (NULL:0) (nvwgf2umx:0x00007FFA00230000) ( 0x0, 0x0, 0x0, 0x0 ) 
0x00007FFA3EAE257D	NULL (NULL:0) (KERNEL32:0x00007FFA3EAD0000) ( 0x0, 0x0, 0x0, 0x0 ) 

Thread 6160
=====================
0x00007FFA3F910024	NULL (NULL:0) (ntdll:0x00007FFA3F870000) ( 0x0, 0x0, 0x0, 0x0 ) 
0x00007FFA3CE6952E	NULL (NULL:0) (KERNELBASE:0x00007FFA3CE30000) ( 0x0, 0x0, 0x0, 0xe58 ) 
0x00007FFA00B4E3E7	NULL (NULL:0) (nvwgf2umx:0x00007FFA00230000) ( 0x0, 0xd6289eb0, 0x0, 0x0 ) 
0x00007FFA00B4E30F	NULL (NULL:0) (nvwgf2umx:0x00007FFA00230000) ( 0xd6289eb0, 0x0, 0x0, 0x0 ) 
0x00007FFA010F687E	NULL (NULL:0) (nvwgf2umx:0x00007FFA00230000) ( 0x0, 0x0, 0x0, 0x0 ) 
0x00007FFA3EAE257D	NULL (NULL:0) (KERNEL32:0x00007FFA3EAD0000) ( 0x0, 0x0, 0x0, 0x0 ) 

Thread 14496
=====================
0x00007FFA3F910024	NULL (NULL:0) (ntdll:0x00007FFA3F870000) ( 0x0, 0x0, 0x0, 0x0 ) 
0x00007FFA3CE6952E	NULL (NULL:0) (KERNELBASE:0x00007FFA3CE30000) ( 0x0, 0x0, 0x0, 0xe58 ) 
0x00007FFA00B4E3E7	NULL (NULL:0) (nvwgf2umx:0x00007FFA00230000) ( 0x0, 0xd6289850, 0x0, 0x0 ) 
0x00007FFA00B4E30F	NULL (NULL:0) (nvwgf2umx:0x00007FFA00230000) ( 0xd6289850, 0x0, 0x0, 0x0 ) 
0x00007FFA010F687E	NULL (NULL:0) (nvwgf2umx:0x00007FFA00230000) ( 0x0, 0x0, 0x0, 0x0 ) 
0x00007FFA3EAE257D	NULL (NULL:0) (KERNEL32:0x00007FFA3EAD0000) ( 0x0, 0x0, 0x0, 0x0 ) 

Thread 14460
=====================
0x00007FFA3F910024	NULL (NULL:0) (ntdll:0x00007FFA3F870000) ( 0x0, 0x0, 0x0, 0x0 ) 
0x00007FFA3CE6952E	NULL (NULL:0) (KERNELBASE:0x00007FFA3CE30000) ( 0x0, 0x0, 0x0, 0xe58 ) 
0x00007FFA00B4E3E7	NULL (NULL:0) (nvwgf2umx:0x00007FFA00230000) ( 0x0, 0xd62895e0, 0x0, 0x0 ) 
0x00007FFA00B4E30F	NULL (NULL:0) (nvwgf2umx:0x00007FFA00230000) ( 0xd62895e0, 0x0, 0x0, 0x0 ) 
0x00007FFA010F687E	NULL (NULL:0) (nvwgf2umx:0x00007FFA00230000) ( 0x0, 0x0, 0x0, 0x0 ) 
0x00007FFA3EAE257D	NULL (NULL:0) (KERNEL32:0x00007FFA3EAD0000) ( 0x0, 0x0, 0x0, 0x0 ) 

Thread 20152
=====================
0x00007FFA3F910024	NULL (NULL:0) (ntdll:0x00007FFA3F870000) ( 0x0, 0x0, 0x0, 0x0 ) 
0x00007FFA3CE6952E	NULL (NULL:0) (KERNELBASE:0x00007FFA3CE30000) ( 0x0, 0x0, 0x0, 0xe58 ) 
0x00007FFA00B4E3E7	NULL (NULL:0) (nvwgf2umx:0x00007FFA00230000) ( 0x0, 0xd6289940, 0x0, 0x0 ) 
0x00007FFA00B4E30F	NULL (NULL:0) (nvwgf2umx:0x00007FFA00230000) ( 0xd6289940, 0x0, 0x0, 0x0 ) 
0x00007FFA010F687E	NULL (NULL:0) (nvwgf2umx:0x00007FFA00230000) ( 0x0, 0x0, 0x0, 0x0 ) 
0x00007FFA3EAE257D	NULL (NULL:0) (KERNEL32:0x00007FFA3EAD0000) ( 0x0, 0x0, 0x0, 0x0 ) 

Thread 21540
=====================
0x00007FFA3F910024	NULL (NULL:0) (ntdll:0x00007FFA3F870000) ( 0x0, 0x0, 0x0, 0x0 ) 
0x00007FFA3CE6952E	NULL (NULL:0) (KERNELBASE:0x00007FFA3CE30000) ( 0x0, 0x0, 0x0, 0xe58 ) 
0x00007FFA00B4E3E7	NULL (NULL:0) (nvwgf2umx:0x00007FFA00230000) ( 0x0, 0xd628a000, 0x0, 0x0 ) 
0x00007FFA00B4E30F	NULL (NULL:0) (nvwgf2umx:0x00007FFA00230000) ( 0xd628a000, 0x0, 0x0, 0x0 ) 
0x00007FFA010F687E	NULL (NULL:0) (nvwgf2umx:0x00007FFA00230000) ( 0x0, 0x0, 0x0, 0x0 ) 
0x00007FFA3EAE257D	NULL (NULL:0) (KERNEL32:0x00007FFA3EAD0000) ( 0x0, 0x0, 0x0, 0x0 ) 

Thread 6568
=====================
0x00007FFA3F910024	NULL (NULL:0) (ntdll:0x00007FFA3F870000) ( 0x0, 0x0, 0x0, 0x0 ) 
0x00007FFA3CE6952E	NULL (NULL:0) (KERNELBASE:0x00007FFA3CE30000) ( 0x0, 0x0, 0x0, 0xe58 ) 
0x00007FFA00B4E3E7	NULL (NULL:0) (nvwgf2umx:0x00007FFA00230000) ( 0x0, 0xd6289610, 0x0, 0x0 ) 
0x00007FFA00B4E30F	NULL (NULL:0) (nvwgf2umx:0x00007FFA00230000) ( 0xd6289610, 0x0, 0x0, 0x0 ) 
0x00007FFA010F687E	NULL (NULL:0) (nvwgf2umx:0x00007FFA00230000) ( 0x0, 0x0, 0x0, 0x0 ) 
0x00007FFA3EAE257D	NULL (NULL:0) (KERNEL32:0x00007FFA3EAD0000) ( 0x0, 0x0, 0x0, 0x0 ) 

Thread 9880
=====================
0x00007FFA3F910024	NULL (NULL:0) (ntdll:0x00007FFA3F870000) ( 0x0, 0x0, 0x0, 0x0 ) 
0x00007FFA3CE6952E	NULL (NULL:0) (KERNELBASE:0x00007FFA3CE30000) ( 0xde94dcf0, 0x0, 0x0, 0xf68 ) 
0x00007FFA2BC124A8	NULL (NULL:0) (atidxx64:0x00007FFA2BBF0000) ( 0x80001, 0xd6348f00, 0x0, 0x0 ) 
0x00007FFA2BC12099	NULL (NULL:0) (atidxx64:0x00007FFA2BBF0000) ( 0x0, 0x0, 0x0, 0x0 ) 
0x00007FFA2C6DF50E	NULL (NULL:0) (atidxx64:0x00007FFA2BBF0000) ( 0x0, 0x0, 0x0, 0x0 ) 
0x00007FFA3EAE257D	NULL (NULL:0) (KERNEL32:0x00007FFA3EAD0000) ( 0x0, 0x0, 0x0, 0x0 ) 

Thread 17164
=====================
0x00007FFA3F910024	NULL (NULL:0) (ntdll:0x00007FFA3F870000) ( 0x0, 0xffffffff, 0xe29b1a50, 0x3e1f6ae2 ) 
0x00007FFA3CE6952E	NULL (NULL:0) (KERNELBASE:0x00007FFA3CE30000) ( 0x0, 0xe2187920, 0x0, 0x1014 ) 
0x00007FFA00514351	NULL (NULL:0) (nvwgf2umx:0x00007FFA00230000) ( 0xe216b980, 0xe216b980, 0x0, 0x0 ) 
0x00007FFA010F687E	NULL (NULL:0) (nvwgf2umx:0x00007FFA00230000) ( 0x0, 0x0, 0x0, 0x0 ) 
0x00007FFA3EAE257D	NULL (NULL:0) (KERNEL32:0x00007FFA3EAD0000) ( 0x0, 0x0, 0x0, 0x0 ) 

Thread 15592
=====================
0x00007FFA3F910AF4	NULL (NULL:0) (ntdll:0x00007FFA3F870000) ( 0x0, 0x0, 0xfffffb30, 0xfffffb30 ) 
0x00007FFA3CE86089	NULL (NULL:0) (KERNELBASE:0x00007FFA3CE30000) ( 0x0, 0x3ce91b4b, 0xe2187940, 0x0 ) 
0x00007FFA3CE85F8E	NULL (NULL:0) (KERNELBASE:0x00007FFA3CE30000) ( 0x1000, 0x15b2b60, 0xffffffff, 0x0 ) 
0x00007FFA00AFED47	NULL (NULL:0) (nvwgf2umx:0x00007FFA00230000) ( 0x0, 0xe2187940, 0x0, 0x0 ) 
0x00007FFA00BEA4EA	NULL (NULL:0) (nvwgf2umx:0x00007FFA00230000) ( 0xe216c880, 0x0, 0x0, 0x0 ) 
0x00007FFA010F687E	NULL (NULL:0) (nvwgf2umx:0x00007FFA00230000) ( 0x0, 0x0, 0x0, 0x0 ) 
0x00007FFA3EAE257D	NULL (NULL:0) (KERNEL32:0x00007FFA3EAD0000) ( 0x0, 0x0, 0x0, 0x0 ) 

Thread 19308
=====================
0x00007FFA3F910624	NULL (NULL:0) (ntdll:0x00007FFA3F870000) ( 0x2b873f5b, 0x3d417f6a, 0x7351fa18, 0x142d8c8d ) 
0x00007FFA3F8C5683	NULL (NULL:0) (ntdll:0x00007FFA3F870000) ( 0x0, 0xcbcfd74, 0x7351fa20, 0x142d907f ) 
0x00007FFA3CE79ACD	NULL (NULL:0) (KERNELBASE:0x00007FFA3CE30000) ( 0x0, 0x0, 0xdc3cba00, 0x0 ) 
0x00007FFA1BAF64BE	NULL (NULL:0) (exitlogger_app_sh:0x00007FFA1BAF0000) ( 0x3c, 0x12c, 0xde6ea1c8, 0x0 ) 
0x00007FFA0A6DF06F	NULL (NULL:0) (baselibmt:0x00007FFA0A5F0000) ( 0xe25b6b00, 0x0, 0xe23ce080, 0x0 ) 
0x00007FFA3D419333	NULL (NULL:0) (ucrtbase:0x00007FFA3D3F0000) ( 0x0, 0x0, 0x0, 0x0 ) 
0x00007FFA3EAE257D	NULL (NULL:0) (KERNEL32:0x00007FFA3EAD0000) ( 0x0, 0x0, 0x0, 0x0 ) 

Thread 6432
=====================
0x00007FFA3F910024	NULL (NULL:0) (ntdll:0x00007FFA3F870000) ( 0xce218640, 0xcbf40000, 0x1, 0x0 ) 
0x00007FFA3CE6952E	NULL (NULL:0) (KERNELBASE:0x00007FFA3CE30000) ( 0xce428698, 0xce237eb0, 0x0, 0x1080 ) 
0x00007FFA0A62ACF7	NULL (NULL:0) (baselibmt:0x00007FFA0A5F0000) ( 0xce428698, 0xce279e01, 0x8, 0x40 ) 
0x00007FFA0A586445	NULL (NULL:0) (asyncoremt:0x00007FFA0A550000) ( 0xce264b60, 0xcbf408f0, 0x0, 0xce264b60 ) 
0x00007FFA0A58671F	NULL (NULL:0) (asyncoremt:0x00007FFA0A550000) ( 0xe216cac0, 0x0, 0x0, 0x0 ) 
0x00007FFA3D419333	NULL (NULL:0) (ucrtbase:0x00007FFA3D3F0000) ( 0x0, 0x0, 0x0, 0x0 ) 
0x00007FFA3EAE257D	NULL (NULL:0) (KERNEL32:0x00007FFA3EAD0000) ( 0x0, 0x0, 0x0, 0x0 ) 

Thread 12356
=====================
0x00007FFA3F910024	NULL (NULL:0) (ntdll:0x00007FFA3F870000) ( 0x10, 0xb5f4d0c, 0x10, 0xcbee0870 ) 
0x00007FFA3CE6952E	NULL (NULL:0) (KERNELBASE:0x00007FFA3CE30000) ( 0xe29e3b58, 0x0, 0x0, 0x11cc ) 
0x00007FFA0A62ACCB	NULL (NULL:0) (baselibmt:0x00007FFA0A5F0000) ( 0xce640d58, 0x1, 0x8, 0x40 ) 
0x00007FFA0A6DF2A5	NULL (NULL:0) (baselibmt:0x00007FFA0A5F0000) ( 0xe216b500, 0x0, 0xe29e3b40, 0x7fffffff ) 
0x00007FFA3D419333	NULL (NULL:0) (ucrtbase:0x00007FFA3D3F0000) ( 0x0, 0x0, 0x0, 0x0 ) 
0x00007FFA3EAE257D	NULL (NULL:0) (KERNEL32:0x00007FFA3EAD0000) ( 0x0, 0x0, 0x0, 0x0 ) 

Thread 21308
=====================
0x00007FFA3F910024	NULL (NULL:0) (ntdll:0x00007FFA3F870000) ( 0x10, 0xb5f4d0c, 0x10, 0xcbee0870 ) 
0x00007FFA3CE6952E	NULL (NULL:0) (KERNELBASE:0x00007FFA3CE30000) ( 0xe29e1e58, 0x0, 0x0, 0x1364 ) 
0x00007FFA0A62ACCB	NULL (NULL:0) (baselibmt:0x00007FFA0A5F0000) ( 0xce640d58, 0x1, 0x8, 0x40 ) 
0x00007FFA0A6DF2A5	NULL (NULL:0) (baselibmt:0x00007FFA0A5F0000) ( 0xe216b100, 0x0, 0xe29e1e40, 0x7fffffff ) 
0x00007FFA3D419333	NULL (NULL:0) (ucrtbase:0x00007FFA3D3F0000) ( 0x0, 0x0, 0x0, 0x0 ) 
0x00007FFA3EAE257D	NULL (NULL:0) (KERNEL32:0x00007FFA3EAD0000) ( 0x0, 0x0, 0x0, 0x0 ) 

Thread 18744
=====================
0x00007FFA3D1E1534	NULL (NULL:0) (win32u:0x00007FFA3D1E0000) ( 0x400, 0x7a1efb40, 0x2, 0x0 ) 
0x00007FFA3E192A46	NULL (NULL:0) (USER32:0x00007FFA3E170000) ( 0x1378, 0x0, 0x0, 0x0 ) 
0x00007FF60CEC36B3	NULL (NULL:0) (xtop:0x00007FF6070A0000) ( 0x0, 0x0, 0x0, 0x0 ) 
0x00007FFA3EAE257D	NULL (NULL:0) (KERNEL32:0x00007FFA3EAD0000) ( 0x0, 0x0, 0x0, 0x0 ) 

Thread 18612
=====================
0x00007FFA3F910624	NULL (NULL:0) (ntdll:0x00007FFA3F870000) ( 0x0, 0x7a99f380, 0x53, 0xffffffff ) 
0x00007FFA3F8C5683	NULL (NULL:0) (ntdll:0x00007FFA3F870000) ( 0x0, 0xf, 0x7a99f5e0, 0xdeb67590 ) 
0x00007FFA3CE79ACD	NULL (NULL:0) (KERNELBASE:0x00007FFA3CE30000) ( 0x0, 0x0, 0xff676980, 0x1 ) 
0x00007FFA0A6DDD38	NULL (NULL:0) (baselibmt:0x00007FFA0A5F0000) ( 0x1, 0x1, 0x1, 0xb5e4730 ) 
0x00007FF60CEC2F4D	NULL (NULL:0) (xtop:0x00007FF6070A0000) ( 0xdee05f58, 0x0, 0x0, 0xdeb68670 ) 
0x00007FFA1428D044	NULL (NULL:0) (coretools_sh:0x00007FFA14240000) ( 0xde6ea4c0, 0xde6ea4c0, 0x0, 0x0 ) 
0x00007FFA0A6DF06F	NULL (NULL:0) (baselibmt:0x00007FFA0A5F0000) ( 0xd5cbbb00, 0x0, 0xe29e23c0, 0x0 ) 
0x00007FFA3D419333	NULL (NULL:0) (ucrtbase:0x00007FFA3D3F0000) ( 0x0, 0x0, 0x0, 0x0 ) 
0x00007FFA3EAE257D	NULL (NULL:0) (KERNEL32:0x00007FFA3EAD0000) ( 0x0, 0x0, 0x0, 0x0 ) 

Thread 13196
=====================
0x00007FFA3F913B94	NULL (NULL:0) (ntdll:0x00007FFA3F870000) ( 0x102, 0x102, 0x0, 0x7b14f600 ) 
0x00007FFA3F8D9204	NULL (NULL:0) (ntdll:0x00007FFA3F870000) ( 0x7, 0xce2741a0, 0x0, 0xb5ffbbe ) 
0x00007FFA3CE9E9E9	NULL (NULL:0) (KERNELBASE:0x00007FFA3CE30000) ( 0xcbf4d500, 0xcc12cdf0, 0x7, 0xfff85ee0 ) 
0x00007FFA0B5FFABB	NULL (NULL:0) (rtlcoremt:0x00007FFA0B5E0000) ( 0xce2741a0, 0xce2741a0, 0x0, 0x0 ) 
0x00007FFA0A58A745	NULL (NULL:0) (asyncoremt:0x00007FFA0A550000) ( 0xa5e1500, 0xa5e51d8, 0x0, 0x0 ) 
0x00007FFA0A6DF06F	NULL (NULL:0) (baselibmt:0x00007FFA0A5F0000) ( 0xd6288c00, 0x0, 0xe29e32c0, 0x0 ) 
0x00007FFA3D419333	NULL (NULL:0) (ucrtbase:0x00007FFA3D3F0000) ( 0x0, 0x0, 0x0, 0x0 ) 
0x00007FFA3EAE257D	NULL (NULL:0) (KERNEL32:0x00007FFA3EAD0000) ( 0x0, 0x0, 0x0, 0x0 ) 

Thread 15616
=====================
0x00007FFA3F913B94	NULL (NULL:0) (ntdll:0x00007FFA3F870000) ( 0x102, 0x102, 0x0, 0x7b8ff920 ) 
0x00007FFA3F8D9204	NULL (NULL:0) (ntdll:0x00007FFA3F870000) ( 0x7, 0xce2744b0, 0x0, 0x0 ) 
0x00007FFA3CE9E9E9	NULL (NULL:0) (KERNELBASE:0x00007FFA3CE30000) ( 0xcbf4d500, 0xf8e49a01, 0x7, 0xfff85ee0 ) 
0x00007FFA0B5FFABB	NULL (NULL:0) (rtlcoremt:0x00007FFA0B5E0000) ( 0xd, 0xce2744b0, 0x0, 0x0 ) 
0x00007FFA0A58A745	NULL (NULL:0) (asyncoremt:0x00007FFA0A550000) ( 0xa5e1500, 0xa5e51d8, 0x0, 0x0 ) 
0x00007FFA0A6DF06F	NULL (NULL:0) (baselibmt:0x00007FFA0A5F0000) ( 0xd6288d00, 0x0, 0xe29e2240, 0x0 ) 
0x00007FFA3D419333	NULL (NULL:0) (ucrtbase:0x00007FFA3D3F0000) ( 0x0, 0x0, 0x0, 0x0 ) 
0x00007FFA3EAE257D	NULL (NULL:0) (KERNEL32:0x00007FFA3EAD0000) ( 0x0, 0x0, 0x0, 0x0 ) 

Thread 20336
=====================
0x00007FFA3F913B94	NULL (NULL:0) (ntdll:0x00007FFA3F870000) ( 0x102, 0x102, 0x0, 0x7c0af6e0 ) 
0x00007FFA3F8D9204	NULL (NULL:0) (ntdll:0x00007FFA3F870000) ( 0x7, 0xce2747c0, 0x0, 0xb5ffbbe ) 
0x00007FFA3CE9E9E9	NULL (NULL:0) (KERNELBASE:0x00007FFA3CE30000) ( 0xcbf4d5e8, 0xf8fc96a0, 0x7, 0xfff85ee0 ) 
0x00007FFA0B5FFABB	NULL (NULL:0) (rtlcoremt:0x00007FFA0B5E0000) ( 0xce2747c0, 0xce2747c0, 0x0, 0x0 ) 
0x00007FFA0A58A745	NULL (NULL:0) (asyncoremt:0x00007FFA0A550000) ( 0xa5e1600, 0xa5e51d8, 0x0, 0x0 ) 
0x00007FFA0A6DF06F	NULL (NULL:0) (baselibmt:0x00007FFA0A5F0000) ( 0xd6289200, 0x0, 0xe29e26c0, 0x0 ) 
0x00007FFA3D419333	NULL (NULL:0) (ucrtbase:0x00007FFA3D3F0000) ( 0x0, 0x0, 0x0, 0x0 ) 
0x00007FFA3EAE257D	NULL (NULL:0) (KERNEL32:0x00007FFA3EAD0000) ( 0x0, 0x0, 0x0, 0x0 ) 

Thread 13060
=====================
0x00007FFA3F913B94	NULL (NULL:0) (ntdll:0x00007FFA3F870000) ( 0x102, 0x102, 0x0, 0x7c85f540 ) 
0x00007FFA3F8D9204	NULL (NULL:0) (ntdll:0x00007FFA3F870000) ( 0x7, 0xce274a00, 0x0, 0xb5ffbbe ) 
0x00007FFA3CE9E9E9	NULL (NULL:0) (KERNELBASE:0x00007FFA3CE30000) ( 0xcbf4d500, 0xcbfd3db0, 0x7, 0xfff85ee0 ) 
0x00007FFA0B5FFABB	NULL (NULL:0) (rtlcoremt:0x00007FFA0B5E0000) ( 0xce274a00, 0xce274a00, 0x0, 0x0 ) 
0x00007FFA0A58A745	NULL (NULL:0) (asyncoremt:0x00007FFA0A550000) ( 0xa5e1600, 0xa5e51d8, 0x0, 0x0 ) 
0x00007FFA0A6DF06F	NULL (NULL:0) (baselibmt:0x00007FFA0A5F0000) ( 0xd6289100, 0x0, 0xe29e2b40, 0x0 ) 
0x00007FFA3D419333	NULL (NULL:0) (ucrtbase:0x00007FFA3D3F0000) ( 0x0, 0x0, 0x0, 0x0 ) 
0x00007FFA3EAE257D	NULL (NULL:0) (KERNEL32:0x00007FFA3EAD0000) ( 0x0, 0x0, 0x0, 0x0 ) 

Thread 12932
=====================
0x00007FFA3F913B94	NULL (NULL:0) (ntdll:0x00007FFA3F870000) ( 0x102, 0x102, 0x0, 0x7d00faf0 ) 
0x00007FFA3F8D9204	NULL (NULL:0) (ntdll:0x00007FFA3F870000) ( 0x7, 0xce276170, 0x0, 0xb5ffbbe ) 
0x00007FFA3CE9E9E9	NULL (NULL:0) (KERNELBASE:0x00007FFA3CE30000) ( 0xcbf4d500, 0xcbfd46e0, 0x7, 0xfff85ee0 ) 
0x00007FFA0B5FFABB	NULL (NULL:0) (rtlcoremt:0x00007FFA0B5E0000) ( 0xce276170, 0xce276170, 0x0, 0x0 ) 
0x00007FFA0A58A745	NULL (NULL:0) (asyncoremt:0x00007FFA0A550000) ( 0xa5e1700, 0xa5e51d8, 0x0, 0x0 ) 
0x00007FFA0A6DF06F	NULL (NULL:0) (baselibmt:0x00007FFA0A5F0000) ( 0xd6289000, 0x0, 0xe29e37c0, 0x0 ) 
0x00007FFA3D419333	NULL (NULL:0) (ucrtbase:0x00007FFA3D3F0000) ( 0x0, 0x0, 0x0, 0x0 ) 
0x00007FFA3EAE257D	NULL (NULL:0) (KERNEL32:0x00007FFA3EAD0000) ( 0x0, 0x0, 0x0, 0x0 ) 

Thread 12228
=====================
0x00007FFA3F913B94	NULL (NULL:0) (ntdll:0x00007FFA3F870000) ( 0x102, 0x102, 0x0, 0x7d7bfb90 ) 
0x00007FFA3F8D9204	NULL (NULL:0) (ntdll:0x00007FFA3F870000) ( 0x7, 0xce275ff0, 0x0, 0x0 ) 
0x00007FFA3CE9E9E9	NULL (NULL:0) (KERNELBASE:0x00007FFA3CE30000) ( 0xcbf4d500, 0xcbfd5001, 0x7, 0xfff85ee0 ) 
0x00007FFA0B5FFABB	NULL (NULL:0) (rtlcoremt:0x00007FFA0B5E0000) ( 0xce275ff0, 0xce275ff0, 0x0, 0x0 ) 
0x00007FFA0A58A745	NULL (NULL:0) (asyncoremt:0x00007FFA0A550000) ( 0xa5e1700, 0xa5e51d8, 0x0, 0x0 ) 
0x00007FFA0A6DF06F	NULL (NULL:0) (baselibmt:0x00007FFA0A5F0000) ( 0xd6289100, 0x0, 0xe29e2140, 0x0 ) 
0x00007FFA3D419333	NULL (NULL:0) (ucrtbase:0x00007FFA3D3F0000) ( 0x0, 0x0, 0x0, 0x0 ) 
0x00007FFA3EAE257D	NULL (NULL:0) (KERNEL32:0x00007FFA3EAD0000) ( 0x0, 0x0, 0x0, 0x0 ) 

Thread 22376
=====================
0x00007FFA3F913B94	NULL (NULL:0) (ntdll:0x00007FFA3F870000) ( 0x102, 0x102, 0x0, 0x7df6fad0 ) 
0x00007FFA3F8D9204	NULL (NULL:0) (ntdll:0x00007FFA3F870000) ( 0x7, 0xce275b70, 0x0, 0xb5ffbbe ) 
0x00007FFA3CE9E9E9	NULL (NULL:0) (KERNELBASE:0x00007FFA3CE30000) ( 0xcbf4d500, 0xcc190870, 0x7, 0xfff85ee0 ) 
0x00007FFA0B5FFABB	NULL (NULL:0) (rtlcoremt:0x00007FFA0B5E0000) ( 0xce275b70, 0xce275b70, 0x0, 0x0 ) 
0x00007FFA0A58A745	NULL (NULL:0) (asyncoremt:0x00007FFA0A550000) ( 0xa5e1800, 0xa5e51d8, 0x0, 0x0 ) 
0x00007FFA0A6DF06F	NULL (NULL:0) (baselibmt:0x00007FFA0A5F0000) ( 0xd6289200, 0x0, 0xe29e2940, 0x0 ) 
0x00007FFA3D419333	NULL (NULL:0) (ucrtbase:0x00007FFA3D3F0000) ( 0x0, 0x0, 0x0, 0x0 ) 
0x00007FFA3EAE257D	NULL (NULL:0) (KERNEL32:0x00007FFA3EAD0000) ( 0x0, 0x0, 0x0, 0x0 ) 

Thread 9096
=====================
0x00007FFA3F910AF4	NULL (NULL:0) (ntdll:0x00007FFA3F870000) ( 0x0, 0x3f8caf00, 0x27f, 0x0 ) 
0x00007FFA3CE86089	NULL (NULL:0) (KERNELBASE:0x00007FFA3CE30000) ( 0x0, 0x0, 0x0, 0x0 ) 
0x00007FFA3CE85F8E	NULL (NULL:0) (KERNELBASE:0x00007FFA3CE30000) ( 0x0, 0x0, 0x0, 0x0 ) 
0x00007FFA2BA14F9C	NULL (NULL:0) (amdihk64:0x00007FFA2BA10000) ( 0x0, 0x0, 0x0, 0x0 ) 
0x00007FFA3EAE257D	NULL (NULL:0) (KERNEL32:0x00007FFA3EAD0000) ( 0x0, 0x0, 0x0, 0x0 ) 
