-------------------------------------------------
The trace creation timestamp is: Fri Feb 16 11:33:39 24
The executable build timestamp is: Tue Apr 26 13:35:11 22
The datecode is: 2022024
The pro machine type is: x86e_win64
The process ID is: 9548
The traceback type is : CRASH
The logger exit status is: 00003
The Trail is: 0
The release is: 7.0
The product version is: 7.0.8.0
The product title is: Creo Render Studio
-------------------------------------------------
Exception EXCEPTION_ACCESS_VIOLATION has occurred in the thread 11104.

Main Thread 11104
=====================
0x00007FF687C47331	NULL (NULL:0) (xtop:0x00007FF680D20000) ( 0x0, 0x89dec368, 0x89a08500, 0x3e9 ) 
0x00007FF687C27969	NULL (NULL:0) (xtop:0x00007FF680D20000) ( 0xd3fa7818, 0x0, 0xd5752358, 0xd3fcdb90 ) 
0x00007FF687C27BBB	NULL (NULL:0) (xtop:0x00007FF680D20000) ( 0xd3fa7818, 0x0, 0xd5752358, 0xc8462630 ) 
0x00007FFC89A08D3A	NULL (NULL:0) (uitools_sh:0x00007FFC89990000) ( 0x8cf9e7d8, 0x8cf9e7d8, 0xd55c95f0, 0xd55c9618 ) 
0x00007FFC89A06719	NULL (NULL:0) (uitools_sh:0x00007FFC89990000) ( 0x8cf9e7d8, 0xd5752358, 0xd5752358, 0x81bec510 ) 
0x00007FFC89A065DA	NULL (NULL:0) (uitools_sh:0x00007FFC89990000) ( 0x8cf9e7d8, 0xe83adb70, 0x1, 0x1 ) 
0x00007FF681BF5905	NULL (NULL:0) (xtop:0x00007FF680D20000) ( 0x0, 0xe83adb70, 0x1, 0x0 ) 
0x00007FF681BDA6B5	NULL (NULL:0) (xtop:0x00007FF680D20000) ( 0x81be4c60, 0x2, 0xc82c15e0, 0x0 ) 
0x00007FF681BF5A17	NULL (NULL:0) (xtop:0x00007FF680D20000) ( 0x0, 0x0, 0xd2730, 0x1 ) 
0x00007FF68989935B	NULL (NULL:0) (xtop:0x00007FF680D20000) ( 0x4, 0x0, 0x4, 0x0 ) 
0x00007FF6898952B4	NULL (NULL:0) (xtop:0x00007FF680D20000) ( 0x1, 0xe83af510, 0xc79c5b08, 0x0 ) 
0x00007FF6898953AA	NULL (NULL:0) (xtop:0x00007FF680D20000) ( 0xc79c5b08, 0x89895320, 0xc7394058, 0xe83af850 ) 
0x00007FFC96D0EA1C	NULL (NULL:0) (libui_sh:0x00007FFC96AE0000) ( 0xc79c5b08, 0x89895320, 0xe83af850, 0x0 ) 
0x00007FFC96D1058F	NULL (NULL:0) (libui_sh:0x00007FFC96AE0000) ( 0x89895320, 0x0, 0x0, 0x0 ) 
0x00007FFC96AFDD1D	NULL (NULL:0) (libui_sh:0x00007FFC96AE0000) ( 0xa, 0x4, 0xc79c5b08, 0x0 ) 
0x00007FF689892932	NULL (NULL:0) (xtop:0x00007FF680D20000) ( 0x0, 0x0, 0x0, 0x0 ) 
0x00007FFD1709257D	NULL (NULL:0) (KERNEL32:0x00007FFD17080000) ( 0x0, 0x0, 0x0, 0x0 ) 

Thread 18932
=====================
0x00007FFD19172FC4	NULL (NULL:0) (ntdll:0x00007FFD190D0000) ( 0xc50e91e0, 0xc50e91e0, 0x1, 0xc50ec680 ) 
0x00007FFD1910537E	NULL (NULL:0) (ntdll:0x00007FFD190D0000) ( 0x0, 0x0, 0x0, 0x0 ) 
0x00007FFD1709257D	NULL (NULL:0) (KERNEL32:0x00007FFD17080000) ( 0x0, 0x0, 0x0, 0x0 ) 

Thread 18448
=====================
0x00007FFD19172FC4	NULL (NULL:0) (ntdll:0x00007FFD190D0000) ( 0xc50e91e0, 0xc50e91e0, 0x1, 0xc50f0d20 ) 
0x00007FFD1910537E	NULL (NULL:0) (ntdll:0x00007FFD190D0000) ( 0x0, 0x0, 0x0, 0x0 ) 
0x00007FFD1709257D	NULL (NULL:0) (KERNEL32:0x00007FFD17080000) ( 0x0, 0x0, 0x0, 0x0 ) 

Thread 5716
=====================
0x00007FFD19172FC4	NULL (NULL:0) (ntdll:0x00007FFD190D0000) ( 0xc50e91e0, 0xc50e91e0, 0x1, 0xc50f1420 ) 
0x00007FFD1910537E	NULL (NULL:0) (ntdll:0x00007FFD190D0000) ( 0x0, 0x0, 0x0, 0x0 ) 
0x00007FFD1709257D	NULL (NULL:0) (KERNEL32:0x00007FFD17080000) ( 0x0, 0x0, 0x0, 0x0 ) 

Thread 17936
=====================
0x00007FFD1916F3F4	NULL (NULL:0) (ntdll:0x00007FFD190D0000) ( 0x8, 0x967c2cbd, 0xc55e0870, 0xc55e0870 ) 
0x00007FFD1670497E	NULL (NULL:0) (KERNELBASE:0x00007FFD166D0000) ( 0xc740ca58, 0x0, 0x0, 0x62c ) 
0x00007FFC956B889B	NULL (NULL:0) (baselibmt:0x00007FFC95680000) ( 0x0, 0x1, 0x0, 0x0 ) 
0x00007FFC9578B7E8	NULL (NULL:0) (baselibmt:0x00007FFC95680000) ( 0xc50fe400, 0x0, 0xc740ca40, 0x7fffffff ) 
0x00007FFD16BB9363	NULL (NULL:0) (ucrtbase:0x00007FFD16B90000) ( 0x0, 0x0, 0x0, 0x0 ) 
0x00007FFD1709257D	NULL (NULL:0) (KERNEL32:0x00007FFD17080000) ( 0x0, 0x0, 0x0, 0x0 ) 

Thread 19812
=====================
0x00007FFD19172FC4	NULL (NULL:0) (ntdll:0x00007FFD190D0000) ( 0x0, 0xc741fcc0, 0x0, 0x0 ) 
0x00007FFD1910537E	NULL (NULL:0) (ntdll:0x00007FFD190D0000) ( 0x0, 0x0, 0x0, 0x0 ) 
0x00007FFD1709257D	NULL (NULL:0) (KERNEL32:0x00007FFD17080000) ( 0x0, 0x0, 0x0, 0x0 ) 

Thread 18652
=====================
0x00007FFD1916FEC4	NULL (NULL:0) (ntdll:0x00007FFD190D0000) ( 0x0, 0x0, 0x0, 0x0 ) 
0x00007FFD16730479	NULL (NULL:0) (KERNELBASE:0x00007FFD166D0000) ( 0x0, 0x0, 0xc50e2920, 0x0 ) 
0x00007FFD16454937	NULL (NULL:0) (CRYPT32:0x00007FFD16410000) ( 0x0, 0x0, 0x0, 0x0 ) 
0x00007FFD1709257D	NULL (NULL:0) (KERNEL32:0x00007FFD17080000) ( 0x0, 0x0, 0x0, 0x0 ) 

Thread 13840
=====================
0x00007FFD19172FC4	NULL (NULL:0) (ntdll:0x00007FFD190D0000) ( 0x1000f, 0xc50f7d01, 0x1, 0xc50f7dc0 ) 
0x00007FFD1910537E	NULL (NULL:0) (ntdll:0x00007FFD190D0000) ( 0x0, 0x0, 0x0, 0x0 ) 
0x00007FFD1709257D	NULL (NULL:0) (KERNEL32:0x00007FFD17080000) ( 0x0, 0x0, 0x0, 0x0 ) 

Thread 7648
=====================
0x00007FFD19172FC4	NULL (NULL:0) (ntdll:0x00007FFD190D0000) ( 0xc50f7dc0, 0xc50f7dc0, 0x1, 0xc50f7dc0 ) 
0x00007FFD1910537E	NULL (NULL:0) (ntdll:0x00007FFD190D0000) ( 0x0, 0x0, 0x0, 0x0 ) 
0x00007FFD1709257D	NULL (NULL:0) (KERNEL32:0x00007FFD17080000) ( 0x0, 0x0, 0x0, 0x0 ) 

Thread 20084
=====================
0x00007FFD1916F3F4	NULL (NULL:0) (ntdll:0x00007FFD190D0000) ( 0x0, 0x71268f3e, 0x1, 0x0 ) 
0x00007FFD1670497E	NULL (NULL:0) (KERNELBASE:0x00007FFD166D0000) ( 0xc8a19080, 0x0, 0x0, 0xac8 ) 
0x00007FFC71289CDA	NULL (NULL:0) (nvoglv64:0x00007FFC6FF00000) ( 0x103, 0x19, 0x19, 0xc8a19080 ) 
0x00007FFC710131AC	NULL (NULL:0) (nvoglv64:0x00007FFC6FF00000) ( 0xc92f9ec0, 0xc92f9ec0, 0x0, 0x0 ) 
0x00007FFC71012B97	NULL (NULL:0) (nvoglv64:0x00007FFC6FF00000) ( 0xc92f9ec0, 0x0, 0x0, 0x0 ) 
0x00007FFC7128B7F8	NULL (NULL:0) (nvoglv64:0x00007FFC6FF00000) ( 0x0, 0x0, 0x0, 0x0 ) 
0x00007FFD1709257D	NULL (NULL:0) (KERNEL32:0x00007FFD17080000) ( 0x0, 0x0, 0x0, 0x0 ) 

Thread 12232
=====================
0x00007FFD1916FEC4	NULL (NULL:0) (ntdll:0x00007FFD190D0000) ( 0x0, 0x0, 0xffffffff, 0x0 ) 
0x00007FFD16730479	NULL (NULL:0) (KERNELBASE:0x00007FFD166D0000) ( 0x0, 0x0, 0x629700c0, 0x0 ) 
0x00007FFD1673037E	NULL (NULL:0) (KERNELBASE:0x00007FFD166D0000) ( 0x0, 0x0, 0x629700c0, 0x0 ) 
0x00007FFC712BF057	NULL (NULL:0) (nvoglv64:0x00007FFC6FF00000) ( 0x629700c0, 0x0, 0x0, 0x0 ) 
0x00007FFC712BE61B	NULL (NULL:0) (nvoglv64:0x00007FFC6FF00000) ( 0x0, 0x0, 0x0, 0x0 ) 
0x00007FFD1709257D	NULL (NULL:0) (KERNEL32:0x00007FFD17080000) ( 0x0, 0x0, 0x0, 0x0 ) 

Thread 9960
=====================
0x00007FFD19171784	NULL (NULL:0) (ntdll:0x00007FFD190D0000) ( 0x0, 0x0, 0x0, 0x0 ) 
0x00007FFD166FD0AD	NULL (NULL:0) (KERNELBASE:0x00007FFD166D0000) ( 0x0, 0x0, 0x0, 0x0 ) 
0x00007FFC96CBAA2C	NULL (NULL:0) (libui_sh:0x00007FFC96AE0000) ( 0x4, 0x0, 0x4, 0xc84aca38 ) 
0x00007FFD1709257D	NULL (NULL:0) (KERNEL32:0x00007FFD17080000) ( 0x0, 0x0, 0x0, 0x0 ) 

Thread 20468
=====================
0x00007FFD19172FC4	NULL (NULL:0) (ntdll:0x00007FFD190D0000) ( 0xc50e0c50, 0xc50e0c50, 0x1, 0xc50e0c50 ) 
0x00007FFD1910537E	NULL (NULL:0) (ntdll:0x00007FFD190D0000) ( 0x0, 0x0, 0x0, 0x0 ) 
0x00007FFD1709257D	NULL (NULL:0) (KERNEL32:0x00007FFD17080000) ( 0x0, 0x0, 0x0, 0x0 ) 

Thread 3192
=====================
0x00007FFD19172FC4	NULL (NULL:0) (ntdll:0x00007FFD190D0000) ( 0xc50e0c50, 0xc50e0c50, 0x1, 0xc50e0c50 ) 
0x00007FFD1910537E	NULL (NULL:0) (ntdll:0x00007FFD190D0000) ( 0x0, 0x0, 0x0, 0x0 ) 
0x00007FFD1709257D	NULL (NULL:0) (KERNEL32:0x00007FFD17080000) ( 0x0, 0x0, 0x0, 0x0 ) 

Thread 13636
=====================
0x00007FFD1916FEC4	NULL (NULL:0) (ntdll:0x00007FFD190D0000) ( 0x0, 0x0, 0x0, 0x0 ) 
0x00007FFD16730479	NULL (NULL:0) (KERNELBASE:0x00007FFD166D0000) ( 0x0, 0x76, 0x0, 0x0 ) 
0x00007FFD183F667D	NULL (NULL:0) (combase:0x00007FFD18320000) ( 0x0, 0x0, 0x0, 0x0 ) 
0x00007FFD183F64EA	NULL (NULL:0) (combase:0x00007FFD18320000) ( 0xffffffff, 0xc50efb40, 0x0, 0xc50efb40 ) 
0x00007FFD183F62DF	NULL (NULL:0) (combase:0x00007FFD18320000) ( 0x0, 0x0, 0x0, 0x0 ) 
0x00007FFD183F61D9	NULL (NULL:0) (combase:0x00007FFD18320000) ( 0x0, 0x0, 0x0, 0x0 ) 
0x00007FFD1709257D	NULL (NULL:0) (KERNEL32:0x00007FFD17080000) ( 0x0, 0x0, 0x0, 0x0 ) 

Thread 6084
=====================
0x00007FFD1916FEC4	NULL (NULL:0) (ntdll:0x00007FFD190D0000) ( 0x0, 0x90, 0x0, 0x9 ) 
0x00007FFD16730479	NULL (NULL:0) (KERNELBASE:0x00007FFD166D0000) ( 0xffffffff, 0xcd9c0e18, 0xce0c0048, 0xf2ccf850 ) 
0x00007FFC97AD00E6	NULL (NULL:0) (asyncoremt:0x00007FFC97AC0000) ( 0xe3656a19, 0xe3656a19, 0x0, 0xcd9c0e18 ) 
0x00007FFC97AC8C54	NULL (NULL:0) (asyncoremt:0x00007FFC97AC0000) ( 0x1, 0x0, 0xc77a2108, 0x0 ) 
0x00007FFC97ACFC09	NULL (NULL:0) (asyncoremt:0x00007FFC97AC0000) ( 0x0, 0x0, 0xc77a6fd8, 0x0 ) 
0x00007FFC97AF3636	NULL (NULL:0) (asyncoremt:0x00007FFC97AC0000) ( 0xc77a6fd8, 0xc77a0360, 0xc7953b28, 0x40 ) 
0x00007FFC97AF338A	NULL (NULL:0) (asyncoremt:0x00007FFC97AC0000) ( 0xc77a0360, 0xc54308f0, 0x0, 0xc77a0360 ) 
0x00007FFC97AF376F	NULL (NULL:0) (asyncoremt:0x00007FFC97AC0000) ( 0xc7433ad0, 0x0, 0x0, 0x0 ) 
0x00007FFD16BB9363	NULL (NULL:0) (ucrtbase:0x00007FFD16B90000) ( 0x0, 0x0, 0x0, 0x0 ) 
0x00007FFD1709257D	NULL (NULL:0) (KERNEL32:0x00007FFD17080000) ( 0x0, 0x0, 0x0, 0x0 ) 

Thread 8240
=====================
0x00007FFD1916F3F4	NULL (NULL:0) (ntdll:0x00007FFD190D0000) ( 0xc79fcd00, 0xc8210320, 0x1, 0x0 ) 
0x00007FFD1670497E	NULL (NULL:0) (KERNELBASE:0x00007FFD166D0000) ( 0x3, 0x0, 0x0, 0x10ac ) 
0x00007FFC956BFEBC	NULL (NULL:0) (baselibmt:0x00007FFC95680000) ( 0x0, 0x0, 0x0, 0x640 ) 
0x00007FFC9A936691	NULL (NULL:0) (coreutils_sh:0x00007FFC9A920000) ( 0x0, 0x0, 0x0, 0x0 ) 
0x00007FFC9578B5B2	NULL (NULL:0) (baselibmt:0x00007FFC95680000) ( 0xc967f400, 0x0, 0xc95d87d0, 0x7fffffff ) 
0x00007FFD16BB9363	NULL (NULL:0) (ucrtbase:0x00007FFD16B90000) ( 0x0, 0x0, 0x0, 0x0 ) 
0x00007FFD1709257D	NULL (NULL:0) (KERNEL32:0x00007FFD17080000) ( 0x0, 0x0, 0x0, 0x0 ) 

Thread 20052
=====================
0x00007FFD166A1534	NULL (NULL:0) (win32u:0x00007FFD166A0000) ( 0x0, 0x0, 0x0, 0x0 ) 
0x00007FFD18ED1ED6	NULL (NULL:0) (USER32:0x00007FFD18EB0000) ( 0x0, 0x0, 0x0, 0x0 ) 
0x00007FF687C77D73	NULL (NULL:0) (xtop:0x00007FF680D20000) ( 0x0, 0x0, 0x0, 0x0 ) 
0x00007FFD1709257D	NULL (NULL:0) (KERNEL32:0x00007FFD17080000) ( 0x0, 0x0, 0x0, 0x0 ) 

Thread 16180
=====================
0x00007FFD166AACF4	NULL (NULL:0) (win32u:0x00007FFD166A0000) ( 0x0, 0x1673aa9b, 0x0, 0x6ff00000 ) 
0x00007FFD18ED52F7	NULL (NULL:0) (USER32:0x00007FFD18EB0000) ( 0x0, 0xf4b8f790, 0x0, 0x0 ) 
0x00007FFC7128232F	NULL (NULL:0) (nvoglv64:0x00007FFC6FF00000) ( 0x0, 0x0, 0x0, 0x0 ) 
0x00007FFD1709257D	NULL (NULL:0) (KERNEL32:0x00007FFD17080000) ( 0x0, 0x0, 0x0, 0x0 ) 
