 Student Edition licensing mode
  
  ---- INFO ----
  Using Actran Student Edition including a limited set of functionalities.
  --------------

  Initializing ActranVI                                                                              (time: 00s, total: 41s, mem: 337[337]MB)
    
    ---- INFO ----
    The session file is being written to C:\Users\tjmck\OneDrive\Documents\GitHub\CAD-Portfolio\Transmission Loss Box\Actran Project Files\report\ActranVI.3.sess
    --------------
  ... done ( Initializing ActranVI )                                                                 (time: 07s, total: 48s, mem: 471[504]MB)

  Load project C:\Users\tjmck\OneDrive\Documents\GitHub\CAD-Portfolio\Transmission Loss Box\Actran Project Files\TL_Box_Trail_8.apf (time: 00s, total: 49s, mem: 496[504]MB)

   Clearing all visualization                                                                        (time: 00s, total: 50s, mem: 496[504]MB)
   ... done ( Clearing all visualization )                                                           (time: 00s, total: 50s, mem: 496[504]MB)

   Loading topological information of TOPOLOGY_30.nff 5[C:\Users\tjmck\OneDrive\Documents\GitHub\CAD-Portfolio\Transmission Loss Box\Actran Project Files\scratch_22040\000\apf_o4962ku3.tmp\30.nff] (time: 00s, total: 50s, mem: 498[504]MB)
   ... done ( Loading topological information of TOPOLOGY_30.nff 5[C:\Users\tjmck\OneDrive\Documents\GitHub\CAD-Portfolio\Transmission Loss Box\Actran Project Files\scratch_22040\000\apf_o4962ku3.tmp\30.nff] ) (time: 05s, total: 55s, mem: 768[778]MB)

   Loading topological information of TOPOLOGY_52.nff 7[C:\Users\tjmck\OneDrive\Documents\GitHub\CAD-Portfolio\Transmission Loss Box\Actran Project Files\scratch_22040\000\apf_o4962ku3.tmp\52.nff] (time: 00s, total: 56s, mem: 911[1034]MB)
   ... done ( Loading topological information of TOPOLOGY_52.nff 7[C:\Users\tjmck\OneDrive\Documents\GitHub\CAD-Portfolio\Transmission Loss Box\Actran Project Files\scratch_22040\000\apf_o4962ku3.tmp\52.nff] ) (time: 00s, total: 57s, mem: 926[1034]MB)
    
    ---- FATAL ----
    'Impervious' is not a supported boundary condition type for Actran Student Edition
    ---------------
    
    ---- FATAL ----
    Unexpected error:
    The following python error occurred:
      AssertionError()
    ---------------
    
    ---- FATAL ----
    Unexpected error:
    The following python error occurred:
      AssertionError()
    ---------------

   Clearing all visualization                                                                        (time: 00s, total: 01m34s, mem: 929[1034]MB)
   ... done ( Clearing all visualization )                                                           (time: 00s, total: 01m34s, mem: 929[1034]MB)
   Exiting application
  ... done ( Load project C:\Users\tjmck\OneDrive\Documents\GitHub\CAD-Portfolio\Transmission Loss Box\Actran Project Files\TL_Box_Trail_8.apf ) (time: 45s, total: 01m35s, mem: 513[1034]MB)
   
   ---- FATAL ----
   Unexpected error:
   The following python error occurred:
     AttributeError("'NoneType' object has no attribute 'synchronize'")
   ---------------
